>> Changes applied to /home/peter/Documents/DataSet/resources/scripts/0387ed00-8ff4-4baf-a9fc-5be787dc050e.py

>> Changes applied to /home/peter/Documents/DataSet/resources/scripts/07c621b1-b8da-46fb-82f5-d493d8880779.py

>> Changes applied to /home/peter/Documents/DataSet/resources/scripts/0c38d910-3444-4b38-8226-69a6fab4e1d8.py

>> Changes applied to /home/peter/Documents/DataSet/resources/scripts/0d071062-1275-42df-b58a-ed87ac1270ba.py

>> Changes applied to /home/peter/Documents/DataSet/resources/scripts/0d0b5480-cfef-4c7c-b48e-ee6cc7297b91.py

>> Changes applied to /home/peter/Documents/DataSet/resources/scripts/10a70fdd-5a31-451d-ba69-a6eeaa34a0e4.py

>> Changes applied to /home/peter/Documents/DataSet/resources/scripts/16ecf573-e9ac-412d-a586-9e610f33f3ab.py

>> Changes applied to /home/peter/Documents/DataSet/resources/scripts/1b9072c6-c76c-4bfd-888a-48a25da04819.py

>> Changes applied to /home/peter/Documents/DataSet/resources/scripts/203913a5-d7c1-4d69-bd1e-823af9053710.py

>> Changes applied to /home/peter/Documents/DataSet/resources/scripts/23a786a1-2706-43cd-9e00-440134f5ad70.py

>> Changes applied to /home/peter/Documents/DataSet/resources/scripts/254adcca-ab7c-4f79-b583-bb8306568a2a.py

>> Changes applied to /home/peter/Documents/DataSet/resources/scripts/266c2323-aba1-495e-aa9c-cb4afef7dc23.py

>> Changes applied to /home/peter/Documents/DataSet/resources/scripts/3600297e-0ca2-42ee-831d-e0fbc5706e63.py

>> Changes applied to /home/peter/Documents/DataSet/resources/scripts/386e71f1-2902-4791-898e-84e3a5f3e318.py

>> Changes applied to /home/peter/Documents/DataSet/resources/scripts/3b853ae2-408b-4cdd-951e-32baae66eeb1.py

>> Changes applied to /home/peter/Documents/DataSet/resources/scripts/405491ff-7c47-446c-a9c4-500205a8d7f0.py

>> Changes applied to /home/peter/Documents/DataSet/resources/scripts/4085bcb7-0a4e-4f8f-8dc1-9fad91e7e2f4.py

>> Changes applied to /home/peter/Documents/DataSet/resources/scripts/40f40a28-8dea-43e5-85ba-9fef7b1467a6.py

>> Changes applied to /home/peter/Documents/DataSet/resources/scripts/416cd004-223b-4cd2-a965-26200eaefe9a.py

>> Changes applied to /home/peter/Documents/DataSet/resources/scripts/444a0557-e088-43af-abc5-9f091ae4eb00.py

>> Changes applied to /home/peter/Documents/DataSet/resources/scripts/4ad0fae1-edb5-4347-ab34-ec5c87f01903.py

>> Changes applied to /home/peter/Documents/DataSet/resources/scripts/4c4a61ce-b0e9-42f4-9fc7-c594b99b0647.py

>> Changes applied to /home/peter/Documents/DataSet/resources/scripts/4fef9cb6-1fd2-4194-9a4e-08636dace2a1.py

>> Changes applied to /home/peter/Documents/DataSet/resources/scripts/5321fd7a-27f0-4378-b5fd-aa417b693765.py

>> Changes applied to /home/peter/Documents/DataSet/resources/scripts/5351607c-f401-434e-8e65-05f42fc43c24.py

>> Changes applied to /home/peter/Documents/DataSet/resources/scripts/538666d7-6d83-42b3-a841-41604e152dda.py

>> Changes applied to /home/peter/Documents/DataSet/resources/scripts/54393d19-d7f9-4fbf-a518-75ac4eff57ef.py

>> Changes applied to /home/peter/Documents/DataSet/resources/scripts/56a17a0a-5858-41be-bac6-2a2319b8cee8.py

>> Changes applied to /home/peter/Documents/DataSet/resources/scripts/56dd6b8a-cb96-47f4-a63a-eb073e658b17.py

>> Changes applied to /home/peter/Documents/DataSet/resources/scripts/57312d79-e299-4aa6-b6ab-ea4134fe6e7e.py

>> Changes applied to /home/peter/Documents/DataSet/resources/scripts/57b507af-5dce-4bd4-98b2-820bbe78ec28.py

>> Changes applied to /home/peter/Documents/DataSet/resources/scripts/5cf61176-7a4f-478b-9d70-d62a5453bf9b.py

>> Changes applied to /home/peter/Documents/DataSet/resources/scripts/622acb94-2c8a-47fe-8da0-b47e3e0b4ac6.py

>> No changes needed for /home/peter/Documents/DataSet/resources/scripts/72b0d606-bb15-4a20-98fd-4407ea88bb0c.py

>> Changes applied to /home/peter/Documents/DataSet/resources/scripts/7367c7d1-458d-41d2-a3da-5267ca6d5550.py

>> Changes applied to /home/peter/Documents/DataSet/resources/scripts/7957d767-97b0-485d-9c28-251b4b11af4a.py

>> Changes applied to /home/peter/Documents/DataSet/resources/scripts/7c03ccb2-552c-4b09-a47a-5d62a139629e.py

>> Changes applied to /home/peter/Documents/DataSet/resources/scripts/83afbbf9-e1b7-4fca-b02c-a3e262ec994d.py

>> Changes applied to /home/peter/Documents/DataSet/resources/scripts/85060d78-367e-4111-a51f-086858c977c1.py

>> Changes applied to /home/peter/Documents/DataSet/resources/scripts/8550d211-6411-4c0a-bcf1-23c0340346a9.py

>> Changes applied to /home/peter/Documents/DataSet/resources/scripts/89f03e63-6d16-4804-b426-e65c0165105f.py

>> Changes applied to /home/peter/Documents/DataSet/resources/scripts/8aca5ff7-c8c8-48c4-ab42-cd057d04be5f.py

>> Changes applied to /home/peter/Documents/DataSet/resources/scripts/8b78cc55-2ad9-4890-b249-cd7bf673572b.py

>> Changes applied to /home/peter/Documents/DataSet/resources/scripts/8b9a81c9-a7d2-4923-ad29-be8bf001b259.py

>> Changes applied to /home/peter/Documents/DataSet/resources/scripts/8c004c6b-3617-44c5-b306-38f947eadcae.py

>> Changes applied to /home/peter/Documents/DataSet/resources/scripts/95154280-ee22-4d31-9b66-c44b5639afce.py

>> Changes applied to /home/peter/Documents/DataSet/resources/scripts/96c52e8a-0747-4681-8f80-5ba99bdcec26.py

>> Changes applied to /home/peter/Documents/DataSet/resources/scripts/96d65f95-e9fb-49f0-b8d1-ee899ef95e35.py

>> Changes applied to /home/peter/Documents/DataSet/resources/scripts/9bcb9547-754b-4f62-b949-04fd4c4b14a0.py

>> Changes applied to /home/peter/Documents/DataSet/resources/scripts/9e49fddc-ee7e-4616-b2c3-91dde9fb559a.py

>> Changes applied to /home/peter/Documents/DataSet/resources/scripts/a308c40f-dc69-473f-bdfb-1b26ceb47afe.py

>> Changes applied to /home/peter/Documents/DataSet/resources/scripts/a9b593f5-e3b3-44d5-8559-d6cc6d6e2c66.py

>> Changes applied to /home/peter/Documents/DataSet/resources/scripts/ad0590a0-e963-413a-a6b1-85bedcf1ffb5.py

>> Changes applied to /home/peter/Documents/DataSet/resources/scripts/ae6ec04b-7c0b-4ae1-8225-2cc618c1e089.py

>> Changes applied to /home/peter/Documents/DataSet/resources/scripts/b3fabd46-259c-47ff-813e-7009692be504.py

>> Changes applied to /home/peter/Documents/DataSet/resources/scripts/bb4d7963-b7e8-49bc-b69b-7560a19b5955.py

>> Changes applied to /home/peter/Documents/DataSet/resources/scripts/c04bf75f-ad3b-4a38-99bb-29ac07f0a5da.py

>> Changes applied to /home/peter/Documents/DataSet/resources/scripts/cc0bdde1-355f-4c2b-957f-f56df2b89fe2.py

>> Changes applied to /home/peter/Documents/DataSet/resources/scripts/d139a73c-1957-4d2b-9e9b-54f68efba5ad.py

>> Changes applied to /home/peter/Documents/DataSet/resources/scripts/d586e19e-b0a6-4e84-bf19-b80c3eddf5bc.py

>> Changes applied to /home/peter/Documents/DataSet/resources/scripts/d9d80b7e-2494-4e28-a4d7-681df377a1e3.py

>> No changes needed for /home/peter/Documents/DataSet/resources/scripts/dbce0130-3a6d-41fc-a2b9-0f43f5829b90.py

>> Changes applied to /home/peter/Documents/DataSet/resources/scripts/e07da993-6973-4eea-9b56-9f94d1c3eaeb.py

>> Changes applied to /home/peter/Documents/DataSet/resources/scripts/e4c59d06-db8a-48b1-94d2-9877753044e5.py

>> Changes applied to /home/peter/Documents/DataSet/resources/scripts/e61ada5d-3571-449e-a377-6809a65510af.py

>> Changes applied to /home/peter/Documents/DataSet/resources/scripts/e66eb747-baa9-492e-bfc0-43d3ae63ce1a.py

>> Changes applied to /home/peter/Documents/DataSet/resources/scripts/ea7c6809-78e3-4250-ab64-547c32fde5b2.py

>> Changes applied to /home/peter/Documents/DataSet/resources/scripts/ebb16ec0-d44c-46cb-bf4d-878c188a3a73.py

>> Changes applied to /home/peter/Documents/DataSet/resources/scripts/eded382d-9a0c-4a5b-beaa-2d06d369953a.py

>> Changes applied to /home/peter/Documents/DataSet/resources/scripts/edfadf2b-c196-4399-9aed-b9d9307dffc6.py

>> Changes applied to /home/peter/Documents/DataSet/resources/scripts/f2a8a634-0040-4c5e-853f-01b7552999b3.py

>> Changes applied to /home/peter/Documents/DataSet/resources/scripts/f71213fe-2792-48ba-bfce-783a1a31b0dc.py

>> Changes applied to /home/peter/Documents/DataSet/resources/scripts/f8ecb260-30c8-452c-9572-0ba2de3f6f31.py

>> Changes applied to /home/peter/Documents/DataSet/resources/scripts/f9de58dc-6b24-4b81-bf40-a13fde1d178c.py

>> Changes applied to /home/peter/Documents/DataSet/resources/scripts/fc2958d6-3ff7-4722-a18f-ce501d90c5de.py

>> Changes applied to /home/peter/Documents/DataSet/resources/scripts/fc704449-81ac-4b6a-affc-29547c94be5b.py

>> Changes applied to /home/peter/Documents/DataSet/resources/scripts/ffab3717-a169-4762-9736-328d186d9789.py

