>> Skipping already modernized file: /home/peter/Documents/DataSet/resources/scripts/045a8aa8-47c3-4e48-9fc2-28517b0d7541.modernize.py

Fixing /home/peter/Documents/DataSet/resources/scripts/045a8aa8-47c3-4e48-9fc2-28517b0d7541.isort.py
>> Changes applied to /home/peter/Documents/DataSet/resources/scripts/045a8aa8-47c3-4e48-9fc2-28517b0d7541.py

>> Skipping already modernized file: /home/peter/Documents/DataSet/resources/scripts/05f2da0f-cdcb-4a92-b5c9-b6e05903e9bb.modernize.py

Fixing /home/peter/Documents/DataSet/resources/scripts/05f2da0f-cdcb-4a92-b5c9-b6e05903e9bb.isort.py
>> Changes applied to /home/peter/Documents/DataSet/resources/scripts/05f2da0f-cdcb-4a92-b5c9-b6e05903e9bb.py

>> Skipping already modernized file: /home/peter/Documents/DataSet/resources/scripts/06ee382e-3cd7-4e31-b092-ee3d5cbde42b.modernize.py

Fixing /home/peter/Documents/DataSet/resources/scripts/06ee382e-3cd7-4e31-b092-ee3d5cbde42b.isort.py
>> Changes applied to /home/peter/Documents/DataSet/resources/scripts/06ee382e-3cd7-4e31-b092-ee3d5cbde42b.py

>> Skipping already modernized file: /home/peter/Documents/DataSet/resources/scripts/083b2bc0-2823-445c-9d5d-f2ccddf9d294.modernize.py

Fixing /home/peter/Documents/DataSet/resources/scripts/083b2bc0-2823-445c-9d5d-f2ccddf9d294.isort.py
>> Changes applied to /home/peter/Documents/DataSet/resources/scripts/083b2bc0-2823-445c-9d5d-f2ccddf9d294.py

>> Skipping already modernized file: /home/peter/Documents/DataSet/resources/scripts/08e80523-6d2e-4dc7-8e7f-76b7d058a181.modernize.py

Fixing /home/peter/Documents/DataSet/resources/scripts/08e80523-6d2e-4dc7-8e7f-76b7d058a181.isort.py
>> Changes applied to /home/peter/Documents/DataSet/resources/scripts/08e80523-6d2e-4dc7-8e7f-76b7d058a181.py

>> Skipping already modernized file: /home/peter/Documents/DataSet/resources/scripts/0b02a59b-3877-4e52-b75f-b53c8a49b15e.modernize.py

>> No changes needed for /home/peter/Documents/DataSet/resources/scripts/0b02a59b-3877-4e52-b75f-b53c8a49b15e.py

>> Skipping already modernized file: /home/peter/Documents/DataSet/resources/scripts/0b0cf7ff-b381-4a2f-a87b-e8938be339a0.modernize.py

Fixing /home/peter/Documents/DataSet/resources/scripts/0b0cf7ff-b381-4a2f-a87b-e8938be339a0.isort.py
>> Changes applied to /home/peter/Documents/DataSet/resources/scripts/0b0cf7ff-b381-4a2f-a87b-e8938be339a0.py

>> Skipping already modernized file: /home/peter/Documents/DataSet/resources/scripts/0ba6e494-31bd-4dce-9f02-f984abdf0454.modernize.py

Fixing /home/peter/Documents/DataSet/resources/scripts/0ba6e494-31bd-4dce-9f02-f984abdf0454.isort.py
>> Changes applied to /home/peter/Documents/DataSet/resources/scripts/0ba6e494-31bd-4dce-9f02-f984abdf0454.py

>> Skipping already modernized file: /home/peter/Documents/DataSet/resources/scripts/0ba812cd-8d28-44d5-bf07-b118904fcd54.modernize.py

>> No changes needed for /home/peter/Documents/DataSet/resources/scripts/0ba812cd-8d28-44d5-bf07-b118904fcd54.py

>> Skipping already modernized file: /home/peter/Documents/DataSet/resources/scripts/0d762498-98af-479d-94db-af9d295be776.modernize.py

Fixing /home/peter/Documents/DataSet/resources/scripts/0d762498-98af-479d-94db-af9d295be776.isort.py
>> Changes applied to /home/peter/Documents/DataSet/resources/scripts/0d762498-98af-479d-94db-af9d295be776.py

>> Skipping already modernized file: /home/peter/Documents/DataSet/resources/scripts/159df959-2ce2-4a3f-a10d-2c795673366b.modernize.py

Fixing /home/peter/Documents/DataSet/resources/scripts/159df959-2ce2-4a3f-a10d-2c795673366b.isort.py
>> Changes applied to /home/peter/Documents/DataSet/resources/scripts/159df959-2ce2-4a3f-a10d-2c795673366b.py

>> Skipping already modernized file: /home/peter/Documents/DataSet/resources/scripts/15c14e67-eeef-464e-a72b-9ba35e475f69.modernize.py

Fixing /home/peter/Documents/DataSet/resources/scripts/15c14e67-eeef-464e-a72b-9ba35e475f69.isort.py
>> Changes applied to /home/peter/Documents/DataSet/resources/scripts/15c14e67-eeef-464e-a72b-9ba35e475f69.py

>> Skipping already modernized file: /home/peter/Documents/DataSet/resources/scripts/1772323f-2ffb-4a57-952c-ba8da35f2a62.modernize.py

Fixing /home/peter/Documents/DataSet/resources/scripts/1772323f-2ffb-4a57-952c-ba8da35f2a62.isort.py
>> Changes applied to /home/peter/Documents/DataSet/resources/scripts/1772323f-2ffb-4a57-952c-ba8da35f2a62.py

>> Skipping already modernized file: /home/peter/Documents/DataSet/resources/scripts/19a1ae52-206a-4823-b746-58953212aa4d.modernize.py

Fixing /home/peter/Documents/DataSet/resources/scripts/19a1ae52-206a-4823-b746-58953212aa4d.isort.py
>> Changes applied to /home/peter/Documents/DataSet/resources/scripts/19a1ae52-206a-4823-b746-58953212aa4d.py

>> Skipping already modernized file: /home/peter/Documents/DataSet/resources/scripts/1a102624-6894-49bc-863d-c4b4dabdb70c.modernize.py

>> No changes needed for /home/peter/Documents/DataSet/resources/scripts/1a102624-6894-49bc-863d-c4b4dabdb70c.py

>> Skipping already modernized file: /home/peter/Documents/DataSet/resources/scripts/1b0cc9f4-30f8-4def-b960-b8a8fe17b008.modernize.py

Fixing /home/peter/Documents/DataSet/resources/scripts/1b0cc9f4-30f8-4def-b960-b8a8fe17b008.isort.py
>> Changes applied to /home/peter/Documents/DataSet/resources/scripts/1b0cc9f4-30f8-4def-b960-b8a8fe17b008.py

Fixing /home/peter/Documents/DataSet/resources/scripts/20993994-c67b-48ba-8af9-af413f9f16ba.isort.py
>> Changes applied to /home/peter/Documents/DataSet/resources/scripts/20993994-c67b-48ba-8af9-af413f9f16ba.py

>> Skipping already modernized file: /home/peter/Documents/DataSet/resources/scripts/2384cc23-237b-4b22-8990-959a3c367af8.modernize.py

Fixing /home/peter/Documents/DataSet/resources/scripts/2384cc23-237b-4b22-8990-959a3c367af8.isort.py
>> Changes applied to /home/peter/Documents/DataSet/resources/scripts/2384cc23-237b-4b22-8990-959a3c367af8.py

>> Skipping already modernized file: /home/peter/Documents/DataSet/resources/scripts/252d6c77-d62e-43b0-a679-a1ebdfe7683c.modernize.py

Fixing /home/peter/Documents/DataSet/resources/scripts/252d6c77-d62e-43b0-a679-a1ebdfe7683c.isort.py
>> Changes applied to /home/peter/Documents/DataSet/resources/scripts/252d6c77-d62e-43b0-a679-a1ebdfe7683c.py

>> Skipping already modernized file: /home/peter/Documents/DataSet/resources/scripts/26e6a561-af9a-438b-a595-3f5d1fa02cff.modernize.py

Fixing /home/peter/Documents/DataSet/resources/scripts/26e6a561-af9a-438b-a595-3f5d1fa02cff.isort.py
>> Changes applied to /home/peter/Documents/DataSet/resources/scripts/26e6a561-af9a-438b-a595-3f5d1fa02cff.py

>> Skipping already modernized file: /home/peter/Documents/DataSet/resources/scripts/290515b5-4ce1-4706-8643-dbf5714854df.modernize.py

Fixing /home/peter/Documents/DataSet/resources/scripts/290515b5-4ce1-4706-8643-dbf5714854df.isort.py
>> Changes applied to /home/peter/Documents/DataSet/resources/scripts/290515b5-4ce1-4706-8643-dbf5714854df.py

>> Skipping already modernized file: /home/peter/Documents/DataSet/resources/scripts/311c7d25-8c97-4e89-92ff-5ab3bc88bc2d.modernize.py

>> No changes needed for /home/peter/Documents/DataSet/resources/scripts/311c7d25-8c97-4e89-92ff-5ab3bc88bc2d.py

>> Skipping already modernized file: /home/peter/Documents/DataSet/resources/scripts/3145bccf-e5db-4adc-ad41-28d33f6400ca.modernize.py

Fixing /home/peter/Documents/DataSet/resources/scripts/3145bccf-e5db-4adc-ad41-28d33f6400ca.isort.py
>> Changes applied to /home/peter/Documents/DataSet/resources/scripts/3145bccf-e5db-4adc-ad41-28d33f6400ca.py

>> Skipping already modernized file: /home/peter/Documents/DataSet/resources/scripts/32594bef-d913-4d3c-83da-6465bc3887f4.modernize.py

Fixing /home/peter/Documents/DataSet/resources/scripts/32594bef-d913-4d3c-83da-6465bc3887f4.isort.py
>> Changes applied to /home/peter/Documents/DataSet/resources/scripts/32594bef-d913-4d3c-83da-6465bc3887f4.py

>> Skipping already modernized file: /home/peter/Documents/DataSet/resources/scripts/376e66f8-bc7a-418c-9666-41ab2f0c2649.modernize.py

>> No changes needed for /home/peter/Documents/DataSet/resources/scripts/376e66f8-bc7a-418c-9666-41ab2f0c2649.py

>> Skipping already modernized file: /home/peter/Documents/DataSet/resources/scripts/3a62becf-c932-4845-aa42-1d8f463f45c6.modernize.py

>> No changes needed for /home/peter/Documents/DataSet/resources/scripts/3a62becf-c932-4845-aa42-1d8f463f45c6.py

>> Skipping already modernized file: /home/peter/Documents/DataSet/resources/scripts/3a8a2996-8623-45ce-b70e-1ecda23de775.modernize.py

>> No changes needed for /home/peter/Documents/DataSet/resources/scripts/3a8a2996-8623-45ce-b70e-1ecda23de775.py

>> Skipping already modernized file: /home/peter/Documents/DataSet/resources/scripts/3d935a38-08e5-4240-a70b-65cabd48e085.modernize.py

>> No changes needed for /home/peter/Documents/DataSet/resources/scripts/3d935a38-08e5-4240-a70b-65cabd48e085.py

>> Skipping already modernized file: /home/peter/Documents/DataSet/resources/scripts/3e3520a6-dde3-4e96-8c92-778063f99950.modernize.py

Fixing /home/peter/Documents/DataSet/resources/scripts/3e3520a6-dde3-4e96-8c92-778063f99950.isort.py
>> Changes applied to /home/peter/Documents/DataSet/resources/scripts/3e3520a6-dde3-4e96-8c92-778063f99950.py

>> Skipping already modernized file: /home/peter/Documents/DataSet/resources/scripts/3ff835db-f8e2-4ea3-9366-9172755d7509.modernize.py

>> No changes needed for /home/peter/Documents/DataSet/resources/scripts/3ff835db-f8e2-4ea3-9366-9172755d7509.py

>> Skipping already modernized file: /home/peter/Documents/DataSet/resources/scripts/4055bad4-373e-40da-8831-71eb168d1214.modernize.py

>> No changes needed for /home/peter/Documents/DataSet/resources/scripts/4055bad4-373e-40da-8831-71eb168d1214.py

>> Skipping already modernized file: /home/peter/Documents/DataSet/resources/scripts/42aee65d-1dba-4532-a24c-06c987180415.modernize.py

Fixing /home/peter/Documents/DataSet/resources/scripts/42aee65d-1dba-4532-a24c-06c987180415.isort.py
>> Changes applied to /home/peter/Documents/DataSet/resources/scripts/42aee65d-1dba-4532-a24c-06c987180415.py

>> Skipping already modernized file: /home/peter/Documents/DataSet/resources/scripts/4721b29e-0777-481c-9a25-c2e8a6e6c5c2.modernize.py

Fixing /home/peter/Documents/DataSet/resources/scripts/4721b29e-0777-481c-9a25-c2e8a6e6c5c2.isort.py
>> Changes applied to /home/peter/Documents/DataSet/resources/scripts/4721b29e-0777-481c-9a25-c2e8a6e6c5c2.py

>> Skipping already modernized file: /home/peter/Documents/DataSet/resources/scripts/49240788-30e6-4724-ac5d-3ca793edc449.modernize.py

Fixing /home/peter/Documents/DataSet/resources/scripts/49240788-30e6-4724-ac5d-3ca793edc449.isort.py
>> Changes applied to /home/peter/Documents/DataSet/resources/scripts/49240788-30e6-4724-ac5d-3ca793edc449.py

>> Skipping already modernized file: /home/peter/Documents/DataSet/resources/scripts/497045b5-623a-406c-b3a7-2e4489a5cbb6.modernize.py

Fixing /home/peter/Documents/DataSet/resources/scripts/497045b5-623a-406c-b3a7-2e4489a5cbb6.isort.py
>> Changes applied to /home/peter/Documents/DataSet/resources/scripts/497045b5-623a-406c-b3a7-2e4489a5cbb6.py

>> Skipping already modernized file: /home/peter/Documents/DataSet/resources/scripts/4d4d12ca-7d05-4b4b-8591-b57f26d1d6bb.modernize.py

>> No changes needed for /home/peter/Documents/DataSet/resources/scripts/4d4d12ca-7d05-4b4b-8591-b57f26d1d6bb.py

>> Skipping already modernized file: /home/peter/Documents/DataSet/resources/scripts/546ca108-64ef-4c22-8fd3-79e8ecd41ff1.modernize.py

Fixing /home/peter/Documents/DataSet/resources/scripts/546ca108-64ef-4c22-8fd3-79e8ecd41ff1.isort.py
>> Changes applied to /home/peter/Documents/DataSet/resources/scripts/546ca108-64ef-4c22-8fd3-79e8ecd41ff1.py

>> Skipping already modernized file: /home/peter/Documents/DataSet/resources/scripts/5604b2f8-d2db-43d0-91a2-b7c85d5e403e.modernize.py

Fixing /home/peter/Documents/DataSet/resources/scripts/5604b2f8-d2db-43d0-91a2-b7c85d5e403e.isort.py
>> Changes applied to /home/peter/Documents/DataSet/resources/scripts/5604b2f8-d2db-43d0-91a2-b7c85d5e403e.py

>> Skipping already modernized file: /home/peter/Documents/DataSet/resources/scripts/599896ed-b973-4414-a91a-fba8faafe476.modernize.py

Fixing /home/peter/Documents/DataSet/resources/scripts/599896ed-b973-4414-a91a-fba8faafe476.isort.py
>> Changes applied to /home/peter/Documents/DataSet/resources/scripts/599896ed-b973-4414-a91a-fba8faafe476.py

>> Skipping already modernized file: /home/peter/Documents/DataSet/resources/scripts/64fac386-d4ad-4fe3-9ac4-50de517abf7c.modernize.py

Fixing /home/peter/Documents/DataSet/resources/scripts/64fac386-d4ad-4fe3-9ac4-50de517abf7c.isort.py
>> Changes applied to /home/peter/Documents/DataSet/resources/scripts/64fac386-d4ad-4fe3-9ac4-50de517abf7c.py

>> Skipping already modernized file: /home/peter/Documents/DataSet/resources/scripts/67bbf467-29ab-4e60-9cdf-ec8a7f9862d7.modernize.py

Fixing /home/peter/Documents/DataSet/resources/scripts/67bbf467-29ab-4e60-9cdf-ec8a7f9862d7.isort.py
>> Changes applied to /home/peter/Documents/DataSet/resources/scripts/67bbf467-29ab-4e60-9cdf-ec8a7f9862d7.py

>> Skipping already modernized file: /home/peter/Documents/DataSet/resources/scripts/6afcf8d5-3b47-4691-b7b9-65e92d5dc2d1.modernize.py

Fixing /home/peter/Documents/DataSet/resources/scripts/6afcf8d5-3b47-4691-b7b9-65e92d5dc2d1.isort.py
>> Changes applied to /home/peter/Documents/DataSet/resources/scripts/6afcf8d5-3b47-4691-b7b9-65e92d5dc2d1.py

>> Skipping already modernized file: /home/peter/Documents/DataSet/resources/scripts/6b8263e7-9ae2-4364-a286-7c7a3def9b09.modernize.py

Fixing /home/peter/Documents/DataSet/resources/scripts/6b8263e7-9ae2-4364-a286-7c7a3def9b09.isort.py
>> Changes applied to /home/peter/Documents/DataSet/resources/scripts/6b8263e7-9ae2-4364-a286-7c7a3def9b09.py

>> Skipping already modernized file: /home/peter/Documents/DataSet/resources/scripts/6f3fa67a-feee-4b3f-ab1b-8a65051b3206.modernize.py

Fixing /home/peter/Documents/DataSet/resources/scripts/6f3fa67a-feee-4b3f-ab1b-8a65051b3206.isort.py
>> Changes applied to /home/peter/Documents/DataSet/resources/scripts/6f3fa67a-feee-4b3f-ab1b-8a65051b3206.py

>> Skipping already modernized file: /home/peter/Documents/DataSet/resources/scripts/70315010-01f5-4bca-88d0-b6bf67094cac.modernize.py

Fixing /home/peter/Documents/DataSet/resources/scripts/70315010-01f5-4bca-88d0-b6bf67094cac.isort.py
>> Changes applied to /home/peter/Documents/DataSet/resources/scripts/70315010-01f5-4bca-88d0-b6bf67094cac.py

>> Skipping already modernized file: /home/peter/Documents/DataSet/resources/scripts/72ec1546-d3a6-4cfa-9ed1-cf0a4659a4e6.modernize.py

Fixing /home/peter/Documents/DataSet/resources/scripts/72ec1546-d3a6-4cfa-9ed1-cf0a4659a4e6.isort.py
>> Changes applied to /home/peter/Documents/DataSet/resources/scripts/72ec1546-d3a6-4cfa-9ed1-cf0a4659a4e6.py

>> Skipping already modernized file: /home/peter/Documents/DataSet/resources/scripts/74989b38-a297-42ec-a452-c074b6d1d877.modernize.py

Fixing /home/peter/Documents/DataSet/resources/scripts/74989b38-a297-42ec-a452-c074b6d1d877.isort.py
>> Changes applied to /home/peter/Documents/DataSet/resources/scripts/74989b38-a297-42ec-a452-c074b6d1d877.py

>> Skipping already modernized file: /home/peter/Documents/DataSet/resources/scripts/75e09ac9-3b6a-4ab6-8936-86d660cce647.modernize.py

Fixing /home/peter/Documents/DataSet/resources/scripts/75e09ac9-3b6a-4ab6-8936-86d660cce647.isort.py
>> Changes applied to /home/peter/Documents/DataSet/resources/scripts/75e09ac9-3b6a-4ab6-8936-86d660cce647.py

>> Skipping already modernized file: /home/peter/Documents/DataSet/resources/scripts/7a830279-f17f-4680-87a9-b1ec4328356d.modernize.py

Fixing /home/peter/Documents/DataSet/resources/scripts/7a830279-f17f-4680-87a9-b1ec4328356d.isort.py
>> Changes applied to /home/peter/Documents/DataSet/resources/scripts/7a830279-f17f-4680-87a9-b1ec4328356d.py

>> Skipping already modernized file: /home/peter/Documents/DataSet/resources/scripts/853075e7-c9c5-422e-acc9-7b28229321c4.modernize.py

Fixing /home/peter/Documents/DataSet/resources/scripts/853075e7-c9c5-422e-acc9-7b28229321c4.isort.py
>> Changes applied to /home/peter/Documents/DataSet/resources/scripts/853075e7-c9c5-422e-acc9-7b28229321c4.py

>> Skipping already modernized file: /home/peter/Documents/DataSet/resources/scripts/86a1820d-cb63-445a-b441-5b6f20ce2cef.modernize.py

>> No changes needed for /home/peter/Documents/DataSet/resources/scripts/86a1820d-cb63-445a-b441-5b6f20ce2cef.py

>> Skipping already modernized file: /home/peter/Documents/DataSet/resources/scripts/92166be0-9a1f-4432-a2a3-4be156f2ec5f.modernize.py

Fixing /home/peter/Documents/DataSet/resources/scripts/92166be0-9a1f-4432-a2a3-4be156f2ec5f.isort.py
>> Changes applied to /home/peter/Documents/DataSet/resources/scripts/92166be0-9a1f-4432-a2a3-4be156f2ec5f.py

>> Skipping already modernized file: /home/peter/Documents/DataSet/resources/scripts/92e3ad0a-f7b2-4f0b-846b-9f0b383ae9e7.modernize.py

Fixing /home/peter/Documents/DataSet/resources/scripts/92e3ad0a-f7b2-4f0b-846b-9f0b383ae9e7.isort.py
>> Changes applied to /home/peter/Documents/DataSet/resources/scripts/92e3ad0a-f7b2-4f0b-846b-9f0b383ae9e7.py

>> Skipping already modernized file: /home/peter/Documents/DataSet/resources/scripts/930741f8-9f3e-43ed-b93e-eb75391b5ec8.modernize.py

Fixing /home/peter/Documents/DataSet/resources/scripts/930741f8-9f3e-43ed-b93e-eb75391b5ec8.isort.py
>> Changes applied to /home/peter/Documents/DataSet/resources/scripts/930741f8-9f3e-43ed-b93e-eb75391b5ec8.py

>> Skipping already modernized file: /home/peter/Documents/DataSet/resources/scripts/9641a647-38c7-40f5-87a6-bb9fe62e95c9.modernize.py

>> No changes needed for /home/peter/Documents/DataSet/resources/scripts/9641a647-38c7-40f5-87a6-bb9fe62e95c9.py

>> Skipping already modernized file: /home/peter/Documents/DataSet/resources/scripts/96e292dc-7076-4168-a09b-c3c633eac696.modernize.py

>> No changes needed for /home/peter/Documents/DataSet/resources/scripts/96e292dc-7076-4168-a09b-c3c633eac696.py

>> Skipping already modernized file: /home/peter/Documents/DataSet/resources/scripts/9a757f40-ca88-41ec-b086-7ee5348012c7.modernize.py

Fixing /home/peter/Documents/DataSet/resources/scripts/9a757f40-ca88-41ec-b086-7ee5348012c7.isort.py
>> Changes applied to /home/peter/Documents/DataSet/resources/scripts/9a757f40-ca88-41ec-b086-7ee5348012c7.py

>> Skipping already modernized file: /home/peter/Documents/DataSet/resources/scripts/9f7a7ea1-fb27-4c42-b347-2e61662db3c6.modernize.py

Fixing /home/peter/Documents/DataSet/resources/scripts/9f7a7ea1-fb27-4c42-b347-2e61662db3c6.isort.py
>> Changes applied to /home/peter/Documents/DataSet/resources/scripts/9f7a7ea1-fb27-4c42-b347-2e61662db3c6.py

>> Skipping already modernized file: /home/peter/Documents/DataSet/resources/scripts/a95f0878-708f-4335-8b40-cd5f8e394104.modernize.py

Fixing /home/peter/Documents/DataSet/resources/scripts/a95f0878-708f-4335-8b40-cd5f8e394104.isort.py
>> Changes applied to /home/peter/Documents/DataSet/resources/scripts/a95f0878-708f-4335-8b40-cd5f8e394104.py

>> Skipping already modernized file: /home/peter/Documents/DataSet/resources/scripts/a9ad73a4-8c13-48af-84ce-9639811decac.modernize.py

Fixing /home/peter/Documents/DataSet/resources/scripts/a9ad73a4-8c13-48af-84ce-9639811decac.isort.py
>> Changes applied to /home/peter/Documents/DataSet/resources/scripts/a9ad73a4-8c13-48af-84ce-9639811decac.py

>> Skipping already modernized file: /home/peter/Documents/DataSet/resources/scripts/ab160a2e-18da-44b9-b2a0-32787150024b.modernize.py

>> No changes needed for /home/peter/Documents/DataSet/resources/scripts/ab160a2e-18da-44b9-b2a0-32787150024b.py

>> Skipping already modernized file: /home/peter/Documents/DataSet/resources/scripts/ad4de82c-57f6-4e3f-bc66-d918092e28a1.modernize.py

Fixing /home/peter/Documents/DataSet/resources/scripts/ad4de82c-57f6-4e3f-bc66-d918092e28a1.isort.py
>> Changes applied to /home/peter/Documents/DataSet/resources/scripts/ad4de82c-57f6-4e3f-bc66-d918092e28a1.py

>> Skipping already modernized file: /home/peter/Documents/DataSet/resources/scripts/af19ae4b-2a82-4ae3-ae76-a6aa2a35c390.modernize.py

>> No changes needed for /home/peter/Documents/DataSet/resources/scripts/af19ae4b-2a82-4ae3-ae76-a6aa2a35c390.py

>> Skipping already modernized file: /home/peter/Documents/DataSet/resources/scripts/af5ff07d-57ca-438b-8447-25f6ee5e3a57.modernize.py

Fixing /home/peter/Documents/DataSet/resources/scripts/af5ff07d-57ca-438b-8447-25f6ee5e3a57.isort.py
>> Changes applied to /home/peter/Documents/DataSet/resources/scripts/af5ff07d-57ca-438b-8447-25f6ee5e3a57.py

>> Skipping already modernized file: /home/peter/Documents/DataSet/resources/scripts/af87b3ac-8224-4f9f-9a54-05d0e4ee2839.modernize.py

Fixing /home/peter/Documents/DataSet/resources/scripts/af87b3ac-8224-4f9f-9a54-05d0e4ee2839.isort.py
>> Changes applied to /home/peter/Documents/DataSet/resources/scripts/af87b3ac-8224-4f9f-9a54-05d0e4ee2839.py

>> Skipping already modernized file: /home/peter/Documents/DataSet/resources/scripts/b6842aa8-e59e-47bd-924e-9bf144bf7ae7.modernize.py

Fixing /home/peter/Documents/DataSet/resources/scripts/b6842aa8-e59e-47bd-924e-9bf144bf7ae7.isort.py
>> Changes applied to /home/peter/Documents/DataSet/resources/scripts/b6842aa8-e59e-47bd-924e-9bf144bf7ae7.py

>> Skipping already modernized file: /home/peter/Documents/DataSet/resources/scripts/b7860475-3a85-4865-8395-19e793818e36.modernize.py

Fixing /home/peter/Documents/DataSet/resources/scripts/b7860475-3a85-4865-8395-19e793818e36.isort.py
>> Changes applied to /home/peter/Documents/DataSet/resources/scripts/b7860475-3a85-4865-8395-19e793818e36.py

>> Skipping already modernized file: /home/peter/Documents/DataSet/resources/scripts/b8895a9e-e5df-421c-943f-84729d650f16.modernize.py

Fixing /home/peter/Documents/DataSet/resources/scripts/b8895a9e-e5df-421c-943f-84729d650f16.isort.py
>> Changes applied to /home/peter/Documents/DataSet/resources/scripts/b8895a9e-e5df-421c-943f-84729d650f16.py

>> Skipping already modernized file: /home/peter/Documents/DataSet/resources/scripts/c339be52-e316-4beb-afc4-f04ed8303f89.modernize.py

Fixing /home/peter/Documents/DataSet/resources/scripts/c339be52-e316-4beb-afc4-f04ed8303f89.isort.py
>> Changes applied to /home/peter/Documents/DataSet/resources/scripts/c339be52-e316-4beb-afc4-f04ed8303f89.py

>> Skipping already modernized file: /home/peter/Documents/DataSet/resources/scripts/c68fdedb-a989-44f6-90da-43107d91483e.modernize.py

Fixing /home/peter/Documents/DataSet/resources/scripts/c68fdedb-a989-44f6-90da-43107d91483e.isort.py
>> Changes applied to /home/peter/Documents/DataSet/resources/scripts/c68fdedb-a989-44f6-90da-43107d91483e.py

>> Skipping already modernized file: /home/peter/Documents/DataSet/resources/scripts/ca337906-4c34-45f0-97dc-b9b3ec4216e6.modernize.py

>> No changes needed for /home/peter/Documents/DataSet/resources/scripts/ca337906-4c34-45f0-97dc-b9b3ec4216e6.py

>> Skipping already modernized file: /home/peter/Documents/DataSet/resources/scripts/ddad9409-066e-44aa-8a39-d7f3ef540ebc.modernize.py

Fixing /home/peter/Documents/DataSet/resources/scripts/ddad9409-066e-44aa-8a39-d7f3ef540ebc.isort.py
>> Changes applied to /home/peter/Documents/DataSet/resources/scripts/ddad9409-066e-44aa-8a39-d7f3ef540ebc.py

>> Skipping already modernized file: /home/peter/Documents/DataSet/resources/scripts/df1149a8-f76f-4c8c-a262-eaa36bd5641a.modernize.py

Fixing /home/peter/Documents/DataSet/resources/scripts/df1149a8-f76f-4c8c-a262-eaa36bd5641a.isort.py
>> Changes applied to /home/peter/Documents/DataSet/resources/scripts/df1149a8-f76f-4c8c-a262-eaa36bd5641a.py

>> Skipping already modernized file: /home/peter/Documents/DataSet/resources/scripts/e2682457-347c-42fd-a8ec-160554ba8283.modernize.py

Fixing /home/peter/Documents/DataSet/resources/scripts/e2682457-347c-42fd-a8ec-160554ba8283.isort.py
>> Changes applied to /home/peter/Documents/DataSet/resources/scripts/e2682457-347c-42fd-a8ec-160554ba8283.py

>> Skipping already modernized file: /home/peter/Documents/DataSet/resources/scripts/e4490cb3-bc55-4cfb-bd9f-793da5dccf47.modernize.py

Fixing /home/peter/Documents/DataSet/resources/scripts/e4490cb3-bc55-4cfb-bd9f-793da5dccf47.isort.py
>> Changes applied to /home/peter/Documents/DataSet/resources/scripts/e4490cb3-bc55-4cfb-bd9f-793da5dccf47.py

>> Skipping already modernized file: /home/peter/Documents/DataSet/resources/scripts/e8672834-1634-4466-8de3-8a6a5366e5bc.modernize.py

Fixing /home/peter/Documents/DataSet/resources/scripts/e8672834-1634-4466-8de3-8a6a5366e5bc.isort.py
>> Changes applied to /home/peter/Documents/DataSet/resources/scripts/e8672834-1634-4466-8de3-8a6a5366e5bc.py

>> Skipping already modernized file: /home/peter/Documents/DataSet/resources/scripts/f76bb7b7-a6f5-4b5a-bf1e-748d04e21b6d.modernize.py

Fixing /home/peter/Documents/DataSet/resources/scripts/f76bb7b7-a6f5-4b5a-bf1e-748d04e21b6d.isort.py
>> Changes applied to /home/peter/Documents/DataSet/resources/scripts/f76bb7b7-a6f5-4b5a-bf1e-748d04e21b6d.py

>> Skipping already autopepped file: /home/peter/Documents/DataSet/resources/scripts/0387ed00-8ff4-4baf-a9fc-5be787dc050e.autopep.py

Fixing /home/peter/Documents/DataSet/resources/scripts/0387ed00-8ff4-4baf-a9fc-5be787dc050e.isort.py
>> Changes applied to /home/peter/Documents/DataSet/resources/scripts/0387ed00-8ff4-4baf-a9fc-5be787dc050e.py

>> Skipping already autopepped file: /home/peter/Documents/DataSet/resources/scripts/07c621b1-b8da-46fb-82f5-d493d8880779.autopep.py

>> No changes needed for /home/peter/Documents/DataSet/resources/scripts/07c621b1-b8da-46fb-82f5-d493d8880779.py

>> Skipping already autopepped file: /home/peter/Documents/DataSet/resources/scripts/0c38d910-3444-4b38-8226-69a6fab4e1d8.autopep.py

Fixing /home/peter/Documents/DataSet/resources/scripts/0c38d910-3444-4b38-8226-69a6fab4e1d8.isort.py
>> Changes applied to /home/peter/Documents/DataSet/resources/scripts/0c38d910-3444-4b38-8226-69a6fab4e1d8.py

>> Skipping already autopepped file: /home/peter/Documents/DataSet/resources/scripts/0d071062-1275-42df-b58a-ed87ac1270ba.autopep.py

Fixing /home/peter/Documents/DataSet/resources/scripts/0d071062-1275-42df-b58a-ed87ac1270ba.isort.py
>> Changes applied to /home/peter/Documents/DataSet/resources/scripts/0d071062-1275-42df-b58a-ed87ac1270ba.py

>> Skipping already autopepped file: /home/peter/Documents/DataSet/resources/scripts/0d0b5480-cfef-4c7c-b48e-ee6cc7297b91.autopep.py

Fixing /home/peter/Documents/DataSet/resources/scripts/0d0b5480-cfef-4c7c-b48e-ee6cc7297b91.isort.py
>> Changes applied to /home/peter/Documents/DataSet/resources/scripts/0d0b5480-cfef-4c7c-b48e-ee6cc7297b91.py

>> Skipping already autopepped file: /home/peter/Documents/DataSet/resources/scripts/10a70fdd-5a31-451d-ba69-a6eeaa34a0e4.autopep.py

Fixing /home/peter/Documents/DataSet/resources/scripts/10a70fdd-5a31-451d-ba69-a6eeaa34a0e4.isort.py
>> Changes applied to /home/peter/Documents/DataSet/resources/scripts/10a70fdd-5a31-451d-ba69-a6eeaa34a0e4.py

>> Skipping already autopepped file: /home/peter/Documents/DataSet/resources/scripts/16ecf573-e9ac-412d-a586-9e610f33f3ab.autopep.py

Fixing /home/peter/Documents/DataSet/resources/scripts/16ecf573-e9ac-412d-a586-9e610f33f3ab.isort.py
>> Changes applied to /home/peter/Documents/DataSet/resources/scripts/16ecf573-e9ac-412d-a586-9e610f33f3ab.py

>> Skipping already autopepped file: /home/peter/Documents/DataSet/resources/scripts/1b9072c6-c76c-4bfd-888a-48a25da04819.autopep.py

Fixing /home/peter/Documents/DataSet/resources/scripts/1b9072c6-c76c-4bfd-888a-48a25da04819.isort.py
>> Changes applied to /home/peter/Documents/DataSet/resources/scripts/1b9072c6-c76c-4bfd-888a-48a25da04819.py

>> Skipping already autopepped file: /home/peter/Documents/DataSet/resources/scripts/203913a5-d7c1-4d69-bd1e-823af9053710.autopep.py

Fixing /home/peter/Documents/DataSet/resources/scripts/203913a5-d7c1-4d69-bd1e-823af9053710.isort.py
>> Changes applied to /home/peter/Documents/DataSet/resources/scripts/203913a5-d7c1-4d69-bd1e-823af9053710.py

>> Skipping already autopepped file: /home/peter/Documents/DataSet/resources/scripts/23a786a1-2706-43cd-9e00-440134f5ad70.autopep.py

>> No changes needed for /home/peter/Documents/DataSet/resources/scripts/23a786a1-2706-43cd-9e00-440134f5ad70.py

>> Skipping already autopepped file: /home/peter/Documents/DataSet/resources/scripts/254adcca-ab7c-4f79-b583-bb8306568a2a.autopep.py

>> No changes needed for /home/peter/Documents/DataSet/resources/scripts/254adcca-ab7c-4f79-b583-bb8306568a2a.py

>> Skipping already autopepped file: /home/peter/Documents/DataSet/resources/scripts/266c2323-aba1-495e-aa9c-cb4afef7dc23.autopep.py

Fixing /home/peter/Documents/DataSet/resources/scripts/266c2323-aba1-495e-aa9c-cb4afef7dc23.isort.py
>> Changes applied to /home/peter/Documents/DataSet/resources/scripts/266c2323-aba1-495e-aa9c-cb4afef7dc23.py

>> Skipping already autopepped file: /home/peter/Documents/DataSet/resources/scripts/3600297e-0ca2-42ee-831d-e0fbc5706e63.autopep.py

Fixing /home/peter/Documents/DataSet/resources/scripts/3600297e-0ca2-42ee-831d-e0fbc5706e63.isort.py
>> Changes applied to /home/peter/Documents/DataSet/resources/scripts/3600297e-0ca2-42ee-831d-e0fbc5706e63.py

>> Skipping already autopepped file: /home/peter/Documents/DataSet/resources/scripts/386e71f1-2902-4791-898e-84e3a5f3e318.autopep.py

>> No changes needed for /home/peter/Documents/DataSet/resources/scripts/386e71f1-2902-4791-898e-84e3a5f3e318.py

>> Skipping already autopepped file: /home/peter/Documents/DataSet/resources/scripts/3b853ae2-408b-4cdd-951e-32baae66eeb1.autopep.py

Fixing /home/peter/Documents/DataSet/resources/scripts/3b853ae2-408b-4cdd-951e-32baae66eeb1.isort.py
>> Changes applied to /home/peter/Documents/DataSet/resources/scripts/3b853ae2-408b-4cdd-951e-32baae66eeb1.py

>> Skipping already autopepped file: /home/peter/Documents/DataSet/resources/scripts/405491ff-7c47-446c-a9c4-500205a8d7f0.autopep.py

Fixing /home/peter/Documents/DataSet/resources/scripts/405491ff-7c47-446c-a9c4-500205a8d7f0.isort.py
>> Changes applied to /home/peter/Documents/DataSet/resources/scripts/405491ff-7c47-446c-a9c4-500205a8d7f0.py

>> Skipping already autopepped file: /home/peter/Documents/DataSet/resources/scripts/4085bcb7-0a4e-4f8f-8dc1-9fad91e7e2f4.autopep.py

Fixing /home/peter/Documents/DataSet/resources/scripts/4085bcb7-0a4e-4f8f-8dc1-9fad91e7e2f4.isort.py
>> Changes applied to /home/peter/Documents/DataSet/resources/scripts/4085bcb7-0a4e-4f8f-8dc1-9fad91e7e2f4.py

>> Skipping already autopepped file: /home/peter/Documents/DataSet/resources/scripts/40f40a28-8dea-43e5-85ba-9fef7b1467a6.autopep.py

Fixing /home/peter/Documents/DataSet/resources/scripts/40f40a28-8dea-43e5-85ba-9fef7b1467a6.isort.py
>> Changes applied to /home/peter/Documents/DataSet/resources/scripts/40f40a28-8dea-43e5-85ba-9fef7b1467a6.py

>> Skipping already autopepped file: /home/peter/Documents/DataSet/resources/scripts/416cd004-223b-4cd2-a965-26200eaefe9a.autopep.py

Fixing /home/peter/Documents/DataSet/resources/scripts/416cd004-223b-4cd2-a965-26200eaefe9a.isort.py
>> Changes applied to /home/peter/Documents/DataSet/resources/scripts/416cd004-223b-4cd2-a965-26200eaefe9a.py

>> Skipping already autopepped file: /home/peter/Documents/DataSet/resources/scripts/444a0557-e088-43af-abc5-9f091ae4eb00.autopep.py

Fixing /home/peter/Documents/DataSet/resources/scripts/444a0557-e088-43af-abc5-9f091ae4eb00.isort.py
>> Changes applied to /home/peter/Documents/DataSet/resources/scripts/444a0557-e088-43af-abc5-9f091ae4eb00.py

>> Skipping already autopepped file: /home/peter/Documents/DataSet/resources/scripts/4ad0fae1-edb5-4347-ab34-ec5c87f01903.autopep.py

Fixing /home/peter/Documents/DataSet/resources/scripts/4ad0fae1-edb5-4347-ab34-ec5c87f01903.isort.py
>> Changes applied to /home/peter/Documents/DataSet/resources/scripts/4ad0fae1-edb5-4347-ab34-ec5c87f01903.py

>> Skipping already autopepped file: /home/peter/Documents/DataSet/resources/scripts/4c4a61ce-b0e9-42f4-9fc7-c594b99b0647.autopep.py

Fixing /home/peter/Documents/DataSet/resources/scripts/4c4a61ce-b0e9-42f4-9fc7-c594b99b0647.isort.py
>> Changes applied to /home/peter/Documents/DataSet/resources/scripts/4c4a61ce-b0e9-42f4-9fc7-c594b99b0647.py

>> Skipping already autopepped file: /home/peter/Documents/DataSet/resources/scripts/4fef9cb6-1fd2-4194-9a4e-08636dace2a1.autopep.py

Fixing /home/peter/Documents/DataSet/resources/scripts/4fef9cb6-1fd2-4194-9a4e-08636dace2a1.isort.py
>> Changes applied to /home/peter/Documents/DataSet/resources/scripts/4fef9cb6-1fd2-4194-9a4e-08636dace2a1.py

>> Skipping already autopepped file: /home/peter/Documents/DataSet/resources/scripts/5321fd7a-27f0-4378-b5fd-aa417b693765.autopep.py

Fixing /home/peter/Documents/DataSet/resources/scripts/5321fd7a-27f0-4378-b5fd-aa417b693765.isort.py
>> Changes applied to /home/peter/Documents/DataSet/resources/scripts/5321fd7a-27f0-4378-b5fd-aa417b693765.py

>> Skipping already autopepped file: /home/peter/Documents/DataSet/resources/scripts/5351607c-f401-434e-8e65-05f42fc43c24.autopep.py

Fixing /home/peter/Documents/DataSet/resources/scripts/5351607c-f401-434e-8e65-05f42fc43c24.isort.py
>> Changes applied to /home/peter/Documents/DataSet/resources/scripts/5351607c-f401-434e-8e65-05f42fc43c24.py

>> Skipping already autopepped file: /home/peter/Documents/DataSet/resources/scripts/538666d7-6d83-42b3-a841-41604e152dda.autopep.py

Fixing /home/peter/Documents/DataSet/resources/scripts/538666d7-6d83-42b3-a841-41604e152dda.isort.py
>> Changes applied to /home/peter/Documents/DataSet/resources/scripts/538666d7-6d83-42b3-a841-41604e152dda.py

>> Skipping already autopepped file: /home/peter/Documents/DataSet/resources/scripts/54393d19-d7f9-4fbf-a518-75ac4eff57ef.autopep.py

>> No changes needed for /home/peter/Documents/DataSet/resources/scripts/54393d19-d7f9-4fbf-a518-75ac4eff57ef.py

>> Skipping already autopepped file: /home/peter/Documents/DataSet/resources/scripts/56a17a0a-5858-41be-bac6-2a2319b8cee8.autopep.py

Fixing /home/peter/Documents/DataSet/resources/scripts/56a17a0a-5858-41be-bac6-2a2319b8cee8.isort.py
>> Changes applied to /home/peter/Documents/DataSet/resources/scripts/56a17a0a-5858-41be-bac6-2a2319b8cee8.py

>> Skipping already autopepped file: /home/peter/Documents/DataSet/resources/scripts/56dd6b8a-cb96-47f4-a63a-eb073e658b17.autopep.py

>> No changes needed for /home/peter/Documents/DataSet/resources/scripts/56dd6b8a-cb96-47f4-a63a-eb073e658b17.py

>> Skipping already autopepped file: /home/peter/Documents/DataSet/resources/scripts/57312d79-e299-4aa6-b6ab-ea4134fe6e7e.autopep.py

Fixing /home/peter/Documents/DataSet/resources/scripts/57312d79-e299-4aa6-b6ab-ea4134fe6e7e.isort.py
>> Changes applied to /home/peter/Documents/DataSet/resources/scripts/57312d79-e299-4aa6-b6ab-ea4134fe6e7e.py

>> Skipping already autopepped file: /home/peter/Documents/DataSet/resources/scripts/57b507af-5dce-4bd4-98b2-820bbe78ec28.autopep.py

>> No changes needed for /home/peter/Documents/DataSet/resources/scripts/57b507af-5dce-4bd4-98b2-820bbe78ec28.py

>> Skipping already autopepped file: /home/peter/Documents/DataSet/resources/scripts/5cf61176-7a4f-478b-9d70-d62a5453bf9b.autopep.py

Fixing /home/peter/Documents/DataSet/resources/scripts/5cf61176-7a4f-478b-9d70-d62a5453bf9b.isort.py
>> Changes applied to /home/peter/Documents/DataSet/resources/scripts/5cf61176-7a4f-478b-9d70-d62a5453bf9b.py

>> Skipping already autopepped file: /home/peter/Documents/DataSet/resources/scripts/622acb94-2c8a-47fe-8da0-b47e3e0b4ac6.autopep.py

Fixing /home/peter/Documents/DataSet/resources/scripts/622acb94-2c8a-47fe-8da0-b47e3e0b4ac6.isort.py
>> Changes applied to /home/peter/Documents/DataSet/resources/scripts/622acb94-2c8a-47fe-8da0-b47e3e0b4ac6.py

>> No changes needed for /home/peter/Documents/DataSet/resources/scripts/72b0d606-bb15-4a20-98fd-4407ea88bb0c.py

>> Skipping already autopepped file: /home/peter/Documents/DataSet/resources/scripts/7367c7d1-458d-41d2-a3da-5267ca6d5550.autopep.py

Fixing /home/peter/Documents/DataSet/resources/scripts/7367c7d1-458d-41d2-a3da-5267ca6d5550.isort.py
>> Changes applied to /home/peter/Documents/DataSet/resources/scripts/7367c7d1-458d-41d2-a3da-5267ca6d5550.py

>> Skipping already autopepped file: /home/peter/Documents/DataSet/resources/scripts/7957d767-97b0-485d-9c28-251b4b11af4a.autopep.py

Fixing /home/peter/Documents/DataSet/resources/scripts/7957d767-97b0-485d-9c28-251b4b11af4a.isort.py
>> Changes applied to /home/peter/Documents/DataSet/resources/scripts/7957d767-97b0-485d-9c28-251b4b11af4a.py

>> Skipping already autopepped file: /home/peter/Documents/DataSet/resources/scripts/7c03ccb2-552c-4b09-a47a-5d62a139629e.autopep.py

Fixing /home/peter/Documents/DataSet/resources/scripts/7c03ccb2-552c-4b09-a47a-5d62a139629e.isort.py
>> Changes applied to /home/peter/Documents/DataSet/resources/scripts/7c03ccb2-552c-4b09-a47a-5d62a139629e.py

>> Skipping already autopepped file: /home/peter/Documents/DataSet/resources/scripts/83afbbf9-e1b7-4fca-b02c-a3e262ec994d.autopep.py

>> No changes needed for /home/peter/Documents/DataSet/resources/scripts/83afbbf9-e1b7-4fca-b02c-a3e262ec994d.py

>> Skipping already autopepped file: /home/peter/Documents/DataSet/resources/scripts/85060d78-367e-4111-a51f-086858c977c1.autopep.py

Fixing /home/peter/Documents/DataSet/resources/scripts/85060d78-367e-4111-a51f-086858c977c1.isort.py
>> Changes applied to /home/peter/Documents/DataSet/resources/scripts/85060d78-367e-4111-a51f-086858c977c1.py

>> Skipping already autopepped file: /home/peter/Documents/DataSet/resources/scripts/8550d211-6411-4c0a-bcf1-23c0340346a9.autopep.py

Fixing /home/peter/Documents/DataSet/resources/scripts/8550d211-6411-4c0a-bcf1-23c0340346a9.isort.py
>> Changes applied to /home/peter/Documents/DataSet/resources/scripts/8550d211-6411-4c0a-bcf1-23c0340346a9.py

>> Skipping already autopepped file: /home/peter/Documents/DataSet/resources/scripts/89f03e63-6d16-4804-b426-e65c0165105f.autopep.py

Fixing /home/peter/Documents/DataSet/resources/scripts/89f03e63-6d16-4804-b426-e65c0165105f.isort.py
>> Changes applied to /home/peter/Documents/DataSet/resources/scripts/89f03e63-6d16-4804-b426-e65c0165105f.py

>> Skipping already autopepped file: /home/peter/Documents/DataSet/resources/scripts/8aca5ff7-c8c8-48c4-ab42-cd057d04be5f.autopep.py

Fixing /home/peter/Documents/DataSet/resources/scripts/8aca5ff7-c8c8-48c4-ab42-cd057d04be5f.isort.py
>> Changes applied to /home/peter/Documents/DataSet/resources/scripts/8aca5ff7-c8c8-48c4-ab42-cd057d04be5f.py

>> Skipping already autopepped file: /home/peter/Documents/DataSet/resources/scripts/8b78cc55-2ad9-4890-b249-cd7bf673572b.autopep.py

Fixing /home/peter/Documents/DataSet/resources/scripts/8b78cc55-2ad9-4890-b249-cd7bf673572b.isort.py
>> Changes applied to /home/peter/Documents/DataSet/resources/scripts/8b78cc55-2ad9-4890-b249-cd7bf673572b.py

>> Skipping already autopepped file: /home/peter/Documents/DataSet/resources/scripts/8b9a81c9-a7d2-4923-ad29-be8bf001b259.autopep.py

>> No changes needed for /home/peter/Documents/DataSet/resources/scripts/8b9a81c9-a7d2-4923-ad29-be8bf001b259.py

>> Skipping already autopepped file: /home/peter/Documents/DataSet/resources/scripts/8c004c6b-3617-44c5-b306-38f947eadcae.autopep.py

Fixing /home/peter/Documents/DataSet/resources/scripts/8c004c6b-3617-44c5-b306-38f947eadcae.isort.py
>> Changes applied to /home/peter/Documents/DataSet/resources/scripts/8c004c6b-3617-44c5-b306-38f947eadcae.py

>> Skipping already autopepped file: /home/peter/Documents/DataSet/resources/scripts/95154280-ee22-4d31-9b66-c44b5639afce.autopep.py

Fixing /home/peter/Documents/DataSet/resources/scripts/95154280-ee22-4d31-9b66-c44b5639afce.isort.py
>> Changes applied to /home/peter/Documents/DataSet/resources/scripts/95154280-ee22-4d31-9b66-c44b5639afce.py

>> Skipping already autopepped file: /home/peter/Documents/DataSet/resources/scripts/96c52e8a-0747-4681-8f80-5ba99bdcec26.autopep.py

Fixing /home/peter/Documents/DataSet/resources/scripts/96c52e8a-0747-4681-8f80-5ba99bdcec26.isort.py
>> Changes applied to /home/peter/Documents/DataSet/resources/scripts/96c52e8a-0747-4681-8f80-5ba99bdcec26.py

>> Skipping already autopepped file: /home/peter/Documents/DataSet/resources/scripts/96d65f95-e9fb-49f0-b8d1-ee899ef95e35.autopep.py

Fixing /home/peter/Documents/DataSet/resources/scripts/96d65f95-e9fb-49f0-b8d1-ee899ef95e35.isort.py
>> Changes applied to /home/peter/Documents/DataSet/resources/scripts/96d65f95-e9fb-49f0-b8d1-ee899ef95e35.py

>> Skipping already autopepped file: /home/peter/Documents/DataSet/resources/scripts/9bcb9547-754b-4f62-b949-04fd4c4b14a0.autopep.py

Fixing /home/peter/Documents/DataSet/resources/scripts/9bcb9547-754b-4f62-b949-04fd4c4b14a0.isort.py
>> Changes applied to /home/peter/Documents/DataSet/resources/scripts/9bcb9547-754b-4f62-b949-04fd4c4b14a0.py

>> Skipping already autopepped file: /home/peter/Documents/DataSet/resources/scripts/9e49fddc-ee7e-4616-b2c3-91dde9fb559a.autopep.py

Fixing /home/peter/Documents/DataSet/resources/scripts/9e49fddc-ee7e-4616-b2c3-91dde9fb559a.isort.py
>> Changes applied to /home/peter/Documents/DataSet/resources/scripts/9e49fddc-ee7e-4616-b2c3-91dde9fb559a.py

>> Skipping already autopepped file: /home/peter/Documents/DataSet/resources/scripts/a308c40f-dc69-473f-bdfb-1b26ceb47afe.autopep.py

>> No changes needed for /home/peter/Documents/DataSet/resources/scripts/a308c40f-dc69-473f-bdfb-1b26ceb47afe.py

>> Skipping already autopepped file: /home/peter/Documents/DataSet/resources/scripts/a9b593f5-e3b3-44d5-8559-d6cc6d6e2c66.autopep.py

Fixing /home/peter/Documents/DataSet/resources/scripts/a9b593f5-e3b3-44d5-8559-d6cc6d6e2c66.isort.py
>> Changes applied to /home/peter/Documents/DataSet/resources/scripts/a9b593f5-e3b3-44d5-8559-d6cc6d6e2c66.py

>> Skipping already autopepped file: /home/peter/Documents/DataSet/resources/scripts/ad0590a0-e963-413a-a6b1-85bedcf1ffb5.autopep.py

Fixing /home/peter/Documents/DataSet/resources/scripts/ad0590a0-e963-413a-a6b1-85bedcf1ffb5.isort.py
>> Changes applied to /home/peter/Documents/DataSet/resources/scripts/ad0590a0-e963-413a-a6b1-85bedcf1ffb5.py

>> Skipping already autopepped file: /home/peter/Documents/DataSet/resources/scripts/ae6ec04b-7c0b-4ae1-8225-2cc618c1e089.autopep.py

Fixing /home/peter/Documents/DataSet/resources/scripts/ae6ec04b-7c0b-4ae1-8225-2cc618c1e089.isort.py
>> Changes applied to /home/peter/Documents/DataSet/resources/scripts/ae6ec04b-7c0b-4ae1-8225-2cc618c1e089.py

>> Skipping already autopepped file: /home/peter/Documents/DataSet/resources/scripts/b3fabd46-259c-47ff-813e-7009692be504.autopep.py

Fixing /home/peter/Documents/DataSet/resources/scripts/b3fabd46-259c-47ff-813e-7009692be504.isort.py
>> Changes applied to /home/peter/Documents/DataSet/resources/scripts/b3fabd46-259c-47ff-813e-7009692be504.py

>> Skipping already autopepped file: /home/peter/Documents/DataSet/resources/scripts/bb4d7963-b7e8-49bc-b69b-7560a19b5955.autopep.py

Fixing /home/peter/Documents/DataSet/resources/scripts/bb4d7963-b7e8-49bc-b69b-7560a19b5955.isort.py
>> Changes applied to /home/peter/Documents/DataSet/resources/scripts/bb4d7963-b7e8-49bc-b69b-7560a19b5955.py

>> Skipping already autopepped file: /home/peter/Documents/DataSet/resources/scripts/c04bf75f-ad3b-4a38-99bb-29ac07f0a5da.autopep.py

Fixing /home/peter/Documents/DataSet/resources/scripts/c04bf75f-ad3b-4a38-99bb-29ac07f0a5da.isort.py
>> Changes applied to /home/peter/Documents/DataSet/resources/scripts/c04bf75f-ad3b-4a38-99bb-29ac07f0a5da.py

>> Skipping already autopepped file: /home/peter/Documents/DataSet/resources/scripts/cc0bdde1-355f-4c2b-957f-f56df2b89fe2.autopep.py

>> No changes needed for /home/peter/Documents/DataSet/resources/scripts/cc0bdde1-355f-4c2b-957f-f56df2b89fe2.py

>> Skipping already autopepped file: /home/peter/Documents/DataSet/resources/scripts/d139a73c-1957-4d2b-9e9b-54f68efba5ad.autopep.py

Fixing /home/peter/Documents/DataSet/resources/scripts/d139a73c-1957-4d2b-9e9b-54f68efba5ad.isort.py
>> Changes applied to /home/peter/Documents/DataSet/resources/scripts/d139a73c-1957-4d2b-9e9b-54f68efba5ad.py

>> Skipping already autopepped file: /home/peter/Documents/DataSet/resources/scripts/d586e19e-b0a6-4e84-bf19-b80c3eddf5bc.autopep.py

>> No changes needed for /home/peter/Documents/DataSet/resources/scripts/d586e19e-b0a6-4e84-bf19-b80c3eddf5bc.py

>> Skipping already autopepped file: /home/peter/Documents/DataSet/resources/scripts/d9d80b7e-2494-4e28-a4d7-681df377a1e3.autopep.py

Fixing /home/peter/Documents/DataSet/resources/scripts/d9d80b7e-2494-4e28-a4d7-681df377a1e3.isort.py
>> Changes applied to /home/peter/Documents/DataSet/resources/scripts/d9d80b7e-2494-4e28-a4d7-681df377a1e3.py

>> No changes needed for /home/peter/Documents/DataSet/resources/scripts/dbce0130-3a6d-41fc-a2b9-0f43f5829b90.py

>> Skipping already autopepped file: /home/peter/Documents/DataSet/resources/scripts/e07da993-6973-4eea-9b56-9f94d1c3eaeb.autopep.py

Fixing /home/peter/Documents/DataSet/resources/scripts/e07da993-6973-4eea-9b56-9f94d1c3eaeb.isort.py
>> Changes applied to /home/peter/Documents/DataSet/resources/scripts/e07da993-6973-4eea-9b56-9f94d1c3eaeb.py

>> Skipping already autopepped file: /home/peter/Documents/DataSet/resources/scripts/e4c59d06-db8a-48b1-94d2-9877753044e5.autopep.py

Fixing /home/peter/Documents/DataSet/resources/scripts/e4c59d06-db8a-48b1-94d2-9877753044e5.isort.py
>> Changes applied to /home/peter/Documents/DataSet/resources/scripts/e4c59d06-db8a-48b1-94d2-9877753044e5.py

>> Skipping already autopepped file: /home/peter/Documents/DataSet/resources/scripts/e61ada5d-3571-449e-a377-6809a65510af.autopep.py

Fixing /home/peter/Documents/DataSet/resources/scripts/e61ada5d-3571-449e-a377-6809a65510af.isort.py
>> Changes applied to /home/peter/Documents/DataSet/resources/scripts/e61ada5d-3571-449e-a377-6809a65510af.py

>> Skipping already autopepped file: /home/peter/Documents/DataSet/resources/scripts/e66eb747-baa9-492e-bfc0-43d3ae63ce1a.autopep.py

Fixing /home/peter/Documents/DataSet/resources/scripts/e66eb747-baa9-492e-bfc0-43d3ae63ce1a.isort.py
>> Changes applied to /home/peter/Documents/DataSet/resources/scripts/e66eb747-baa9-492e-bfc0-43d3ae63ce1a.py

>> Skipping already autopepped file: /home/peter/Documents/DataSet/resources/scripts/ea7c6809-78e3-4250-ab64-547c32fde5b2.autopep.py

Fixing /home/peter/Documents/DataSet/resources/scripts/ea7c6809-78e3-4250-ab64-547c32fde5b2.isort.py
>> Changes applied to /home/peter/Documents/DataSet/resources/scripts/ea7c6809-78e3-4250-ab64-547c32fde5b2.py

>> Skipping already autopepped file: /home/peter/Documents/DataSet/resources/scripts/ebb16ec0-d44c-46cb-bf4d-878c188a3a73.autopep.py

Fixing /home/peter/Documents/DataSet/resources/scripts/ebb16ec0-d44c-46cb-bf4d-878c188a3a73.isort.py
>> Changes applied to /home/peter/Documents/DataSet/resources/scripts/ebb16ec0-d44c-46cb-bf4d-878c188a3a73.py

>> Skipping already autopepped file: /home/peter/Documents/DataSet/resources/scripts/eded382d-9a0c-4a5b-beaa-2d06d369953a.autopep.py

Fixing /home/peter/Documents/DataSet/resources/scripts/eded382d-9a0c-4a5b-beaa-2d06d369953a.isort.py
>> Changes applied to /home/peter/Documents/DataSet/resources/scripts/eded382d-9a0c-4a5b-beaa-2d06d369953a.py

>> Skipping already autopepped file: /home/peter/Documents/DataSet/resources/scripts/edfadf2b-c196-4399-9aed-b9d9307dffc6.autopep.py

Fixing /home/peter/Documents/DataSet/resources/scripts/edfadf2b-c196-4399-9aed-b9d9307dffc6.isort.py
>> Changes applied to /home/peter/Documents/DataSet/resources/scripts/edfadf2b-c196-4399-9aed-b9d9307dffc6.py

>> Skipping already autopepped file: /home/peter/Documents/DataSet/resources/scripts/f2a8a634-0040-4c5e-853f-01b7552999b3.autopep.py

>> No changes needed for /home/peter/Documents/DataSet/resources/scripts/f2a8a634-0040-4c5e-853f-01b7552999b3.py

>> Skipping already autopepped file: /home/peter/Documents/DataSet/resources/scripts/f71213fe-2792-48ba-bfce-783a1a31b0dc.autopep.py

Fixing /home/peter/Documents/DataSet/resources/scripts/f71213fe-2792-48ba-bfce-783a1a31b0dc.isort.py
>> Changes applied to /home/peter/Documents/DataSet/resources/scripts/f71213fe-2792-48ba-bfce-783a1a31b0dc.py

>> Skipping already autopepped file: /home/peter/Documents/DataSet/resources/scripts/f8ecb260-30c8-452c-9572-0ba2de3f6f31.autopep.py

>> No changes needed for /home/peter/Documents/DataSet/resources/scripts/f8ecb260-30c8-452c-9572-0ba2de3f6f31.py

>> Skipping already autopepped file: /home/peter/Documents/DataSet/resources/scripts/f9de58dc-6b24-4b81-bf40-a13fde1d178c.autopep.py

>> No changes needed for /home/peter/Documents/DataSet/resources/scripts/f9de58dc-6b24-4b81-bf40-a13fde1d178c.py

>> Skipping already autopepped file: /home/peter/Documents/DataSet/resources/scripts/fc2958d6-3ff7-4722-a18f-ce501d90c5de.autopep.py

Fixing /home/peter/Documents/DataSet/resources/scripts/fc2958d6-3ff7-4722-a18f-ce501d90c5de.isort.py
>> Changes applied to /home/peter/Documents/DataSet/resources/scripts/fc2958d6-3ff7-4722-a18f-ce501d90c5de.py

>> Skipping already autopepped file: /home/peter/Documents/DataSet/resources/scripts/fc704449-81ac-4b6a-affc-29547c94be5b.autopep.py

Fixing /home/peter/Documents/DataSet/resources/scripts/fc704449-81ac-4b6a-affc-29547c94be5b.isort.py
>> Changes applied to /home/peter/Documents/DataSet/resources/scripts/fc704449-81ac-4b6a-affc-29547c94be5b.py

>> Skipping already autopepped file: /home/peter/Documents/DataSet/resources/scripts/ffab3717-a169-4762-9736-328d186d9789.autopep.py

Fixing /home/peter/Documents/DataSet/resources/scripts/ffab3717-a169-4762-9736-328d186d9789.isort.py
>> Changes applied to /home/peter/Documents/DataSet/resources/scripts/ffab3717-a169-4762-9736-328d186d9789.py

