--- /home/peter/Documents/DataSet/resources/scripts/00757472-5e0c-47fc-bc36-d52a99fa3f2e.modernize.py	(original)
+++ /home/peter/Documents/DataSet/resources/scripts/00757472-5e0c-47fc-bc36-d52a99fa3f2e.modernize.py	(refactored)
@@ -1,3 +1,5 @@
+from __future__ import absolute_import
+from __future__ import print_function
 import struct
 from socket import socket, AF_INET, SOCK_STREAM, timeout, SOL_SOCKET, SO_REUSEADDR
 
@@ -25,9 +27,9 @@
 	client.sendall(packed_data)
 
 	data = client.recv(packer.size)
-	print('recieved:', data)
+	print(('recieved:', data))
 	unpacked_data = packer.unpack(data)
-	print('unpacked data:', unpacked_data)
+	print(('unpacked data:', unpacked_data))
 
-	print('winning numbers:', unpacked_data[0:5])
-	print('you won:', unpacked_data[5])
+	print(('winning numbers:', unpacked_data[0:5]))
+	print(('you won:', unpacked_data[5]))
>> Changes applied to /home/peter/Documents/DataSet/resources/scripts/00757472-5e0c-47fc-bc36-d52a99fa3f2e.py

--- /home/peter/Documents/DataSet/resources/scripts/00f6b1fc-0d0e-4544-ba61-471b148d5d68.modernize.py	(original)
+++ /home/peter/Documents/DataSet/resources/scripts/00f6b1fc-0d0e-4544-ba61-471b148d5d68.modernize.py	(refactored)
@@ -1,3 +1,4 @@
+from __future__ import absolute_import
 import msvcrt
 import time
 import sys
>> Changes applied to /home/peter/Documents/DataSet/resources/scripts/00f6b1fc-0d0e-4544-ba61-471b148d5d68.py

--- /home/peter/Documents/DataSet/resources/scripts/04bc56a3-5cb8-4125-a5d4-9cf8cc3dd677.modernize.py	(original)
+++ /home/peter/Documents/DataSet/resources/scripts/04bc56a3-5cb8-4125-a5d4-9cf8cc3dd677.modernize.py	(refactored)
@@ -1,3 +1,5 @@
+from __future__ import absolute_import
+from __future__ import print_function
 import sys
 import socket
 import random
@@ -20,11 +22,11 @@
 	op = ops[nrnd % len(ops)]
 
 	msg = packer.pack(oper1, oper2, op.encode())
-	print( "Üzenet: %d %c %d" % (oper1, op, oper2) )	
+	print(( "Üzenet: %d %c %d" % (oper1, op, oper2) ))	
 	sock.sendall( msg )
 
 	msg = sock.recv(packer.size)
 	parsed_msg = packer.unpack( msg )
-	print( "Kapott eredmény: %d" % parsed_msg[0])
+	print(( "Kapott eredmény: %d" % parsed_msg[0]))
 	time.sleep(2)
 sock.close()
>> Changes applied to /home/peter/Documents/DataSet/resources/scripts/04bc56a3-5cb8-4125-a5d4-9cf8cc3dd677.py

--- /home/peter/Documents/DataSet/resources/scripts/062ddde3-0d88-4774-94ed-43f569901dd1.modernize.py	(original)
+++ /home/peter/Documents/DataSet/resources/scripts/062ddde3-0d88-4774-94ed-43f569901dd1.modernize.py	(refactored)
@@ -1,3 +1,5 @@
+from __future__ import absolute_import
+from __future__ import print_function
 from socket import socket,AF_INET, SOCK_STREAM, timeout, SOL_SOCKET, SO_REUSEADDR
 import struct
 
@@ -13,17 +15,17 @@
 	while True:
 		try:
 			client, client_addr = server.accept()
-			print("Csatlakozott: ", client_addr)
+			print(("Csatlakozott: ", client_addr))
 			
 			data = client.recv(unpacker.size)
-			print("Kaptam:",data)
+			print(("Kaptam:",data))
 			
 			unp_data = unpacker.unpack(data)
-			print("Unpack:",unp_data)
+			print(("Unpack:",unp_data))
 			
 			x = eval(str(unp_data[0])+unp_data[2].decode()+str(unp_data[1]))
 			
-			print("Kiertekeltem es visszakuldtem", x)
+			print(("Kiertekeltem es visszakuldtem", x))
 			client.sendall(str(x).encode())
 		
 		except timeout:
>> Changes applied to /home/peter/Documents/DataSet/resources/scripts/062ddde3-0d88-4774-94ed-43f569901dd1.py

--- /home/peter/Documents/DataSet/resources/scripts/0c013b49-e08b-4c7d-b142-685f26e8ab65.modernize.py	(original)
+++ /home/peter/Documents/DataSet/resources/scripts/0c013b49-e08b-4c7d-b142-685f26e8ab65.modernize.py	(refactored)
@@ -1,3 +1,5 @@
+from __future__ import absolute_import
+from __future__ import print_function
 from socket import socket, AF_INET, SOCK_STREAM, timeout, SOL_SOCKET, SO_REUSEADDR
 from select import select
 import struct
@@ -32,7 +34,7 @@
 		for s in r:
 			if s is server:
 				client, client_addr = s.accept()
-				print("Connected:", client_addr)
+				print(("Connected:", client_addr))
 				sockets.append(client)
 			else:
 				data = s.recv(packer.size)
@@ -41,13 +43,13 @@
 					sockets.remove(s)
 					s.close()
 				else:
-					print("Recieved:", data)
+					print(("Recieved:", data))
 					unpacked_data = packer.unpack(data)
-					print("Unpacked data:", unpacked_data)
+					print(("Unpacked data:", unpacked_data))
 					
 					x , y , h, m = unpacked_data
-					print("x =",x,"y =", y)
-					print("@",h,":",m)
+					print(("x =",x,"y =", y))
+					print(("@",h,":",m))
 					res = search_map_data(x,y,h,m)
 					res = str(res)
 					s.sendall(res.encode())
>> Changes applied to /home/peter/Documents/DataSet/resources/scripts/0c013b49-e08b-4c7d-b142-685f26e8ab65.py

--- /home/peter/Documents/DataSet/resources/scripts/0e9c6757-ed8a-4df1-ba24-591d348047b9.modernize.py	(original)
+++ /home/peter/Documents/DataSet/resources/scripts/0e9c6757-ed8a-4df1-ba24-591d348047b9.modernize.py	(refactored)
@@ -1,3 +1,5 @@
+from __future__ import absolute_import
+from __future__ import print_function
 import sys
 import struct, hashlib
 from socket import socket, AF_INET, SOCK_STREAM
@@ -20,7 +22,7 @@
         
         hash = hashlib.md5(file_content)
         size = hash.digest_size; hexd = hash.hexdigest()
-        print('hash:', hexd, 'length:', size)
+        print(('hash:', hexd, 'length:', size))
 
     with socket(AF_INET, SOCK_STREAM) as chsum_client:
         chsum_client.connect(chsums_addr)
@@ -29,4 +31,4 @@
         chsum_client.sendall(message.encode())
         data = chsum_client.recv(10).decode()
 
-        print('Received from checksum server:', data)
+        print(('Received from checksum server:', data))
>> Changes applied to /home/peter/Documents/DataSet/resources/scripts/0e9c6757-ed8a-4df1-ba24-591d348047b9.py

--- /home/peter/Documents/DataSet/resources/scripts/13bf83bd-3921-4974-a539-549a7836a12d.modernize.py	(original)
+++ /home/peter/Documents/DataSet/resources/scripts/13bf83bd-3921-4974-a539-549a7836a12d.modernize.py	(refactored)
@@ -1,3 +1,5 @@
+from __future__ import absolute_import
+from __future__ import print_function
 from socket import socket, AF_INET, SOCK_STREAM, timeout, SOL_SOCKET, SO_REUSEADDR
 import struct
 
@@ -20,4 +22,4 @@
 	#exit(0)
 	# recieve response
 	data = client.recv(128).decode()
-	print("Result:", data)
+	print(("Result:", data))
>> Changes applied to /home/peter/Documents/DataSet/resources/scripts/13bf83bd-3921-4974-a539-549a7836a12d.py

--- /home/peter/Documents/DataSet/resources/scripts/1a942ce8-16dc-4c90-ac2c-15e2f0a18ae9.modernize.py	(original)
+++ /home/peter/Documents/DataSet/resources/scripts/1a942ce8-16dc-4c90-ac2c-15e2f0a18ae9.modernize.py	(refactored)
@@ -1,8 +1,9 @@
+from __future__ import print_function
 with open('alma.txt', 'r') as f:
     sor = f.readline()
-    print('jelenlegi sor', sor) # jelenlegi sor 1. sor
+    print(('jelenlegi sor', sor)) # jelenlegi sor 1. sor
     sor = f.readline()
-    print('jelenlegi sor', sor) # jelenlegi sor 2. sor
+    print(('jelenlegi sor', sor)) # jelenlegi sor 2. sor
     f.seek(0, 0) # f.seek(offset, whence)
     sor = f.readline()
-    print('jelenlegi sor', sor) # jelenlegi sor 1. sor
+    print(('jelenlegi sor', sor)) # jelenlegi sor 1. sor
>> Changes applied to /home/peter/Documents/DataSet/resources/scripts/1a942ce8-16dc-4c90-ac2c-15e2f0a18ae9.py

--- /home/peter/Documents/DataSet/resources/scripts/1e9b3e2b-cb29-4ecb-b2c4-40b78c881e0d.modernize.py	(original)
+++ /home/peter/Documents/DataSet/resources/scripts/1e9b3e2b-cb29-4ecb-b2c4-40b78c881e0d.modernize.py	(refactored)
@@ -1,3 +1,5 @@
+from __future__ import absolute_import
+from __future__ import print_function
 import struct
 
 string = 'hello'
>> Changes applied to /home/peter/Documents/DataSet/resources/scripts/1e9b3e2b-cb29-4ecb-b2c4-40b78c881e0d.py

--- /home/peter/Documents/DataSet/resources/scripts/1f4a40ee-1b79-493d-9820-12b32937b15d.modernize.py	(original)
+++ /home/peter/Documents/DataSet/resources/scripts/1f4a40ee-1b79-493d-9820-12b32937b15d.modernize.py	(refactored)
@@ -1,3 +1,5 @@
+from __future__ import absolute_import
+from __future__ import print_function
 from socket import socket,AF_INET, SOCK_STREAM, timeout, SOL_SOCKET, SO_REUSEADDR
 import struct
 from select import select
@@ -23,7 +25,7 @@
 				# kliens csatlakozik
 				client, client_addr = s.accept()
 				socketek.append(client)
-				print("Csatlakozott", client_addr)
+				print(("Csatlakozott", client_addr))
 			else:
 				data = s.recv(unpacker.size)
 				# ha 0 byte akkor kilepett a kliens
@@ -32,10 +34,10 @@
 					s.close()
 					print("Kilepett")
 				else:
-					print("Kaptam:",data)
+					print(("Kaptam:",data))
 					unp_data = unpacker.unpack(data)
-					print("Unpack:",unp_data)
+					print(("Unpack:",unp_data))
 					x = eval(str(unp_data[0])+unp_data[2].decode()+str(unp_data[1]))
-					print("Kiertekeltem es visszakuldtem", x)
+					print(("Kiertekeltem es visszakuldtem", x))
 					msg = unpacker.pack(x, 0, b'R')
 					s.sendall(msg)
>> Changes applied to /home/peter/Documents/DataSet/resources/scripts/1f4a40ee-1b79-493d-9820-12b32937b15d.py

--- /home/peter/Documents/DataSet/resources/scripts/2113503a-32dc-4f5c-befb-adb3564622a7.modernize.py	(original)
+++ /home/peter/Documents/DataSet/resources/scripts/2113503a-32dc-4f5c-befb-adb3564622a7.modernize.py	(refactored)
@@ -1,6 +1,8 @@
 
 #socket_multicast_sender.py
 
+from __future__ import absolute_import
+from __future__ import print_function
 import socket
 import struct
 import sys
@@ -23,7 +25,7 @@
 try:
 
     # Send data to the multicast group
-    print('sending {!r}'.format(message))
+    print(('sending {!r}'.format(message)))
     sent = sock.sendto(message, multicast_group)
 
     # Look for responses from all recipients
@@ -35,8 +37,8 @@
             print('timed out, no more responses')
             break
         else:
-            print('received {!r} from {}'.format(
-                data, server))
+            print(('received {!r} from {}'.format(
+                data, server)))
 
 finally:
     print('closing socket')
>> Changes applied to /home/peter/Documents/DataSet/resources/scripts/2113503a-32dc-4f5c-befb-adb3564622a7.py

--- /home/peter/Documents/DataSet/resources/scripts/215d6be5-5812-4af5-86b7-3734ffa6e3fa.modernize.py	(original)
+++ /home/peter/Documents/DataSet/resources/scripts/215d6be5-5812-4af5-86b7-3734ffa6e3fa.modernize.py	(refactored)
@@ -1,3 +1,5 @@
+from __future__ import absolute_import
+from __future__ import print_function
 import sys
 import json
 
@@ -12,7 +14,7 @@
     print('ERROR:\nError while reading file!')
     exit(1)
 else:
-  print('ERROR:\nThis program takes ONE argument (file name)\nNumber of arguments provided: {n}'.format(n = len(sys.argv) - 1))
+  print(('ERROR:\nThis program takes ONE argument (file name)\nNumber of arguments provided: {n}'.format(n = len(sys.argv) - 1)))
   exit(1)
 
 ################################################################################################################################
@@ -53,7 +55,7 @@
     succeeded , reservedLinks = res_links(circuit, d['demand'])       # return values of res_links
     
     if succeeded :
-      event_count += 1; print('{c}. igény foglalás: {sp}<->{ep} st:{t} - sikeres'.format(c = event_count, sp = sp, ep = ep, t = t))
+      event_count += 1; print(('{c}. igény foglalás: {sp}<->{ep} st:{t} - sikeres'.format(c = event_count, sp = sp, ep = ep, t = t)))
       endtime = d['end-time']
       reservations.append({
         'end': endtime,
@@ -61,7 +63,7 @@
         'links': reservedLinks
       })
     else:
-      event_count += 1; print('{c}. igény foglalás: {sp}<->{ep} st:{t} - sikertelen'.format(c = event_count, sp = sp, ep = ep, t = t))  
+      event_count += 1; print(('{c}. igény foglalás: {sp}<->{ep} st:{t} - sikertelen'.format(c = event_count, sp = sp, ep = ep, t = t)))  
   return event_count
 
 def free_circuits(t, event_count):
@@ -72,7 +74,7 @@
       reservations.remove(res)
       sp = res['links'][ 0]['points'][0]
       ep = res['links'][-1]['points'][1]
-      event_count += 1; print('{c}. igény felszabadítás: {sp}<->{ep} st:{t}'.format(c = event_count, sp = sp, ep = ep, t = t))
+      event_count += 1; print(('{c}. igény felszabadítás: {sp}<->{ep} st:{t}'.format(c = event_count, sp = sp, ep = ep, t = t)))
   return event_count
 
 event_count = 0 # purely for printing event numbers to stdout
>> Changes applied to /home/peter/Documents/DataSet/resources/scripts/215d6be5-5812-4af5-86b7-3734ffa6e3fa.py

--- /home/peter/Documents/DataSet/resources/scripts/27492369-f314-4ed5-a2c8-4e53fbafb19c.modernize.py	(original)
+++ /home/peter/Documents/DataSet/resources/scripts/27492369-f314-4ed5-a2c8-4e53fbafb19c.modernize.py	(refactored)
@@ -1,3 +1,5 @@
+from __future__ import absolute_import
+from __future__ import print_function
 from socket import socket, AF_INET, SOCK_STREAM, timeout, SOL_SOCKET, SO_REUSEADDR
 import struct
 from select import select
@@ -23,7 +25,7 @@
 				# kliens csatlakozik
 				client, client_addr = s.accept()
 				socketek.append(client)
-				print("Csatlakozott", client_addr)
+				print(("Csatlakozott", client_addr))
 			else:
 				data = s.recv(unpacker.size)
 				# ha 0 byte akkor kilepett a kliens
@@ -32,11 +34,11 @@
 					s.close()
 					print("Kilepett")
 				else:
-					print("Kaptam:", data)
+					print(("Kaptam:", data))
 					unp_data = unpacker.unpack(data)
-					print("Unpack:", unp_data)
+					print(("Unpack:", unp_data))
 					x = eval(str(unp_data[0])+unp_data[2].decode()+str(unp_data[1]))
-					print("Kiertekeltem es visszakuldtem", x)
+					print(("Kiertekeltem es visszakuldtem", x))
 					s.sendall(str(x).encode())
 
 # ZH-n is lehet ezt a szerkezetet hasznalni
>> Changes applied to /home/peter/Documents/DataSet/resources/scripts/27492369-f314-4ed5-a2c8-4e53fbafb19c.py

--- /home/peter/Documents/DataSet/resources/scripts/2e94b25c-e298-49df-810e-6173d24b0093.modernize.py	(original)
+++ /home/peter/Documents/DataSet/resources/scripts/2e94b25c-e298-49df-810e-6173d24b0093.modernize.py	(refactored)
@@ -1,3 +1,5 @@
+from __future__ import absolute_import
+from __future__ import print_function
 from socket import socket, AF_INET, SOCK_STREAM, SOL_SOCKET, SO_REUSEADDR, timeout
 from select import select
 import struct
@@ -23,7 +25,7 @@
 				# kliens csatlakozik
 				client, client_addr = s.accept()
 				socketek.append(client)
-				print("Csatlakozott", client_addr)
+				print(("Csatlakozott", client_addr))
 			else:
 				data = s.recv(unpacker.size)
 				# ha 0 byte akkor kilepett a kliens
@@ -32,9 +34,9 @@
 					s.close()
 					print("Kilepett")
 				else:
-					print("Kaptam:", data)
+					print(("Kaptam:", data))
 					unpacked_data = unpacker.unpack(data)
-					print("Unpack:", unpacked_data)
+					print(("Unpack:", unpacked_data))
 					x = eval(str(unpacked_data[0])+unpacked_data[2].decode()+str(unpacked_data[1]))
-					print("Kiértékeltem és visszaküldtem", x)
+					print(("Kiértékeltem és visszaküldtem", x))
 					s.sendall(str(x).encode())
>> Changes applied to /home/peter/Documents/DataSet/resources/scripts/2e94b25c-e298-49df-810e-6173d24b0093.py

--- /home/peter/Documents/DataSet/resources/scripts/34560dab-39ab-4d93-af1b-d23c9a0d32c7.modernize.py	(original)
+++ /home/peter/Documents/DataSet/resources/scripts/34560dab-39ab-4d93-af1b-d23c9a0d32c7.modernize.py	(refactored)
@@ -1,3 +1,5 @@
+from __future__ import absolute_import
+from __future__ import print_function
 from socket import socket,AF_INET, SOCK_STREAM, timeout, SOL_SOCKET, SO_REUSEADDR
 import struct
 
@@ -12,17 +14,17 @@
 	while True:
 		try:
 			client, client_addr = server.accept()
-			print("Csatlakozott: ", client_addr)
+			print(("Csatlakozott: ", client_addr))
 			
 			data = client.recv(unpacker.size)
-			print("Kaptam:",data)
+			print(("Kaptam:",data))
 			
 			unp_data = unpacker.unpack(data)
-			print("Unpack:",unp_data)
+			print(("Unpack:",unp_data))
 			
 			x = eval(str(unp_data[0])+unp_data[2].decode()+str(unp_data[1]))
 			
-			print("Kiertekeltem es visszakuldtem", x)
+			print(("Kiertekeltem es visszakuldtem", x))
 			client.sendall(str(x).encode())
 		
 		except timeout:
>> Changes applied to /home/peter/Documents/DataSet/resources/scripts/34560dab-39ab-4d93-af1b-d23c9a0d32c7.py

--- /home/peter/Documents/DataSet/resources/scripts/34afad27-20e9-4a5d-b754-1574eb97e6f7.modernize.py	(original)
+++ /home/peter/Documents/DataSet/resources/scripts/34afad27-20e9-4a5d-b754-1574eb97e6f7.modernize.py	(refactored)
@@ -1,3 +1,5 @@
+from __future__ import absolute_import
+from __future__ import print_function
 from socket import socket,AF_INET, SOCK_STREAM, timeout, SOL_SOCKET, SO_REUSEADDR
 import struct
 
@@ -17,5 +19,5 @@
 	client.sendall(packed_data)
 	data = client.recv(10).decode()
 	
-	print("Eredmeny a szervertol:", data)
+	print(("Eredmeny a szervertol:", data))
 	
>> Changes applied to /home/peter/Documents/DataSet/resources/scripts/34afad27-20e9-4a5d-b754-1574eb97e6f7.py

--- /home/peter/Documents/DataSet/resources/scripts/3a3edd4d-6de7-492c-8850-b07bf4228e3e.modernize.py	(original)
+++ /home/peter/Documents/DataSet/resources/scripts/3a3edd4d-6de7-492c-8850-b07bf4228e3e.modernize.py	(refactored)
@@ -1,3 +1,5 @@
+from __future__ import absolute_import
+from __future__ import print_function
 import binascii
 import zlib
 
>> Changes applied to /home/peter/Documents/DataSet/resources/scripts/3a3edd4d-6de7-492c-8850-b07bf4228e3e.py

--- /home/peter/Documents/DataSet/resources/scripts/4d9478fe-4aaf-43ce-a19f-b2d1a94debaa.modernize.py	(original)
+++ /home/peter/Documents/DataSet/resources/scripts/4d9478fe-4aaf-43ce-a19f-b2d1a94debaa.modernize.py	(refactored)
@@ -1,3 +1,5 @@
+from __future__ import absolute_import
+from __future__ import print_function
 import sys
 import struct
 
@@ -27,7 +29,7 @@
 tpl3 = (44, b"masodik", 63.9)  # str is 11
 tpl4 = (b'Z', 75, b"harmadik")  # str is 14
 
-print(packFormat(tpl1, '13s i ?'))
-print(packFormat(tpl2, 'f ? c'))
-print(packFormat(tpl3, 'i 11s f'))
-print(packFormat(tpl4, 'c i 14s'))
+print((packFormat(tpl1, '13s i ?')))
+print((packFormat(tpl2, 'f ? c')))
+print((packFormat(tpl3, 'i 11s f')))
+print((packFormat(tpl4, 'c i 14s')))
>> Changes applied to /home/peter/Documents/DataSet/resources/scripts/4d9478fe-4aaf-43ce-a19f-b2d1a94debaa.py

--- /home/peter/Documents/DataSet/resources/scripts/51c585d3-9151-4bf0-aeb6-0134e42b90e1.modernize.py	(original)
+++ /home/peter/Documents/DataSet/resources/scripts/51c585d3-9151-4bf0-aeb6-0134e42b90e1.modernize.py	(refactored)
@@ -1,3 +1,5 @@
+from __future__ import absolute_import
+from __future__ import print_function
 from socket import socket, AF_INET, SOCK_DGRAM, timeout
 import struct
 
@@ -18,7 +20,7 @@
 
             decoded_data = data.decode()
 
-            print("recieved:", decoded_data, "from:", client)
+            print(("recieved:", decoded_data, "from:", client))
             strings = decoded_data.split(';')
             to_send = packer.pack(
 						int(strings[0]),
>> Changes applied to /home/peter/Documents/DataSet/resources/scripts/51c585d3-9151-4bf0-aeb6-0134e42b90e1.py

--- /home/peter/Documents/DataSet/resources/scripts/527ce86b-1805-40ca-9c03-b8d951162ee2.modernize.py	(original)
+++ /home/peter/Documents/DataSet/resources/scripts/527ce86b-1805-40ca-9c03-b8d951162ee2.modernize.py	(refactored)
@@ -1,3 +1,5 @@
+from __future__ import absolute_import
+from __future__ import print_function
 import socket
 #import sys
 
@@ -11,11 +13,11 @@
 sock.listen(1)
 
 conn, addr = sock.accept()
-print('Valaki csatlakozott:', addr)
+print(('Valaki csatlakozott:', addr))
 while True:
     data = conn.recv(BUFFER_SIZE)
     if not data: break
-    print("Beérkező üzenet:", data.decode())
+    print(("Beérkező üzenet:", data.decode()))
     conn.send(reply)
 conn.close()
 sock.close()
>> Changes applied to /home/peter/Documents/DataSet/resources/scripts/527ce86b-1805-40ca-9c03-b8d951162ee2.py

--- /home/peter/Documents/DataSet/resources/scripts/574f5345-e9b5-4732-a3c3-478314ee943b.modernize.py	(original)
+++ /home/peter/Documents/DataSet/resources/scripts/574f5345-e9b5-4732-a3c3-478314ee943b.modernize.py	(refactored)
@@ -1,3 +1,5 @@
+from __future__ import absolute_import
+from __future__ import print_function
 import sys
 from socket import socket,AF_INET, SOCK_STREAM
 import select
@@ -39,7 +41,7 @@
 					s.close()
 					print("Kilepett")
 				else:
-					print("Kaptam:", data)
+					print(("Kaptam:", data))
 					unp_data = packer.unpack(data)
 					unp_data[0] *= 2
 					unp_data[1] += 1
>> Changes applied to /home/peter/Documents/DataSet/resources/scripts/574f5345-e9b5-4732-a3c3-478314ee943b.py

--- /home/peter/Documents/DataSet/resources/scripts/57dfb384-feb4-4e53-ad06-09f17b215d44.modernize.py	(original)
+++ /home/peter/Documents/DataSet/resources/scripts/57dfb384-feb4-4e53-ad06-09f17b215d44.modernize.py	(refactored)
@@ -1,3 +1,5 @@
+from __future__ import absolute_import
+from __future__ import print_function
 from subprocess import Popen, PIPE
 import os
 import platform
@@ -5,8 +7,8 @@
 import sys
 from time import sleep
 
-print("CPU:", os.cpu_count())
-print("OS:", platform.system())
+print(("CPU:", os.cpu_count()))
+print(("OS:", platform.system()))
 
 availableCores = os.cpu_count()
 maxLevel = int(sys.argv[1])
@@ -17,7 +19,7 @@
 elif platform.system() == "Linux":
 	cmd = 'echo "Linux"'
 else:
-	print("ERROR",platform.system())
+	print(("ERROR",platform.system()))
 	sys.exit(1)
 
 processes = [None]*availableCores # None-nal feltott tomb
@@ -40,7 +42,7 @@
 	if l < maxLevel:
 		for i in range(l+1):
 			levelQueue.put(l+1)
-	print("  "*l,l,res.decode().strip())  #decode = bytes --> string
+	print(("  "*l,l,res.decode().strip()))  #decode = bytes --> string
 	
 runs = 1
 while (runs > 0 or not levelQueue.empty()):
>> Changes applied to /home/peter/Documents/DataSet/resources/scripts/57dfb384-feb4-4e53-ad06-09f17b215d44.py

--- /home/peter/Documents/DataSet/resources/scripts/58bb04c1-4fd4-4f26-b4ce-fad41c022ee0.modernize.py	(original)
+++ /home/peter/Documents/DataSet/resources/scripts/58bb04c1-4fd4-4f26-b4ce-fad41c022ee0.modernize.py	(refactored)
@@ -1,4 +1,6 @@
 #!/usr/bin/env python3
+from __future__ import absolute_import
+from __future__ import print_function
 from subprocess import PIPE, Popen
 from time import sleep
 
@@ -16,7 +18,7 @@
             if process[i].poll() == None:
                 fut += 1
             else:
-                print(p.communicate())
+                print((p.communicate()))
                 process[i] = None
         i += 1
     if (fut > 0):
>> Changes applied to /home/peter/Documents/DataSet/resources/scripts/58bb04c1-4fd4-4f26-b4ce-fad41c022ee0.py

--- /home/peter/Documents/DataSet/resources/scripts/5c502a96-7cca-4f96-9b89-6ce51ef28fbc.modernize.py	(original)
+++ /home/peter/Documents/DataSet/resources/scripts/5c502a96-7cca-4f96-9b89-6ce51ef28fbc.modernize.py	(refactored)
@@ -1,3 +1,5 @@
+from __future__ import absolute_import
+from __future__ import print_function
 from socket import socket, AF_INET, SOCK_DGRAM, timeout
 
 with socket(AF_INET, SOCK_DGRAM) as client:
@@ -7,4 +9,4 @@
 	
 	data, _ = client.recvfrom(1024)
 	
-	print("Kaptam: ",data.decode())
+	print(("Kaptam: ",data.decode()))
>> Changes applied to /home/peter/Documents/DataSet/resources/scripts/5c502a96-7cca-4f96-9b89-6ce51ef28fbc.py

--- /home/peter/Documents/DataSet/resources/scripts/5d384ca6-01b7-4387-9280-4c02a6f15700.modernize.py	(original)
+++ /home/peter/Documents/DataSet/resources/scripts/5d384ca6-01b7-4387-9280-4c02a6f15700.modernize.py	(refactored)
@@ -1,3 +1,5 @@
+from __future__ import absolute_import
+from __future__ import print_function
 import sys
 import struct
 from socket import socket, AF_INET, SOCK_STREAM, timeout, SOL_SOCKET, SO_REUSEADDR
@@ -23,7 +25,7 @@
 	server.bind(server_addr)
 	server.listen(1)
 	server.setsockopt(SOL_SOCKET, SO_REUSEADDR, 1)
-	print('Server is listening on port', server_addr[1])
+	print(('Server is listening on port', server_addr[1]))
 	
 	sockets = [ server ]
 
@@ -37,7 +39,7 @@
 				# client connects
 				client, client_addr = s.accept()
 				sockets.append(client)
-				print("Connected:", client_addr)
+				print(("Connected:", client_addr))
 
 			else:
 				data = s.recv(packer.size)
@@ -47,15 +49,15 @@
 					sockets.remove(s); s.close()
 					print('Client disconnected.')
 				else:
-					print('Recieved:', data)
+					print(('Recieved:', data))
 					unp_data = packer.unpack(data)
-					print('Unpack:', unp_data)
+					print(('Unpack:', unp_data))
 
 					matches = 0
 					for i in range(0, 5):
 						if (unp_data[i] in nums): matches+=1
 					
-					print('Matches:', matches)
+					print(('Matches:', matches))
 					
 					res = (nums[0], nums[1], nums[2], nums[3], nums[4], matches * unp_data[5])
 					packed_res = packer.pack(*res)
>> Changes applied to /home/peter/Documents/DataSet/resources/scripts/5d384ca6-01b7-4387-9280-4c02a6f15700.py

--- /home/peter/Documents/DataSet/resources/scripts/6363077b-cabc-42e1-936f-6fb903bc98f7.modernize.py	(original)
+++ /home/peter/Documents/DataSet/resources/scripts/6363077b-cabc-42e1-936f-6fb903bc98f7.modernize.py	(refactored)
@@ -1,13 +1,15 @@
+from __future__ import absolute_import
+from __future__ import print_function
 import hashlib
 
 m = hashlib.md5('Nobody expects'.encode())
 m.update(b' the spanish inquisition')
-print("Digest: {}".format(m.digest()))
-print("Digest in hex: 0x{}".format(m.hexdigest()))
-print("Digest size: {}".format(m.digest_size))
+print(("Digest: {}".format(m.digest())))
+print(("Digest in hex: 0x{}".format(m.hexdigest())))
+print(("Digest size: {}".format(m.digest_size)))
 
 another = hashlib.md5(b'Nobody expects the spanish inquisition')
-print("\nAnother Digest : {}".format(another.digest()))
+print(("\nAnother Digest : {}".format(another.digest())))
 
 yetAnother = hashlib.md5(b'Kecske')
-print("\nyetAnother Digest size: {}".format(yetAnother.digest_size))
+print(("\nyetAnother Digest size: {}".format(yetAnother.digest_size)))
>> Changes applied to /home/peter/Documents/DataSet/resources/scripts/6363077b-cabc-42e1-936f-6fb903bc98f7.py

--- /home/peter/Documents/DataSet/resources/scripts/67c5cd83-ae4e-443a-bfb3-59146fdbf9b1.modernize.py	(original)
+++ /home/peter/Documents/DataSet/resources/scripts/67c5cd83-ae4e-443a-bfb3-59146fdbf9b1.modernize.py	(refactored)
@@ -1,3 +1,5 @@
+from __future__ import absolute_import
+from __future__ import print_function
 import subprocess
 subprocess.call(['dir', '/B'], shell=True) 
 
>> Changes applied to /home/peter/Documents/DataSet/resources/scripts/67c5cd83-ae4e-443a-bfb3-59146fdbf9b1.py

--- /home/peter/Documents/DataSet/resources/scripts/682f8756-9584-4e6f-bf72-9e79b1abcddb.modernize.py	(original)
+++ /home/peter/Documents/DataSet/resources/scripts/682f8756-9584-4e6f-bf72-9e79b1abcddb.modernize.py	(refactored)
@@ -1,3 +1,5 @@
+from __future__ import absolute_import
+from __future__ import print_function
 import socket
 
 sock = socket.socket(socket.AF_INET, socket.SOCK_STREAM)  # ipv4, TCP
@@ -13,10 +15,10 @@
 		print("Varunk...")
 		client_socket, client_addr = sock.accept()
 		
-		print("Csatlakozott: ", client_addr)
+		print(("Csatlakozott: ", client_addr))
 		
 		data = client_socket.recv(16)
-		print("Kaptam:",data.decode())
+		print(("Kaptam:",data.decode()))
 		if data:
 			client_socket.send("Hello Client!".encode())
 		else:
>> Changes applied to /home/peter/Documents/DataSet/resources/scripts/682f8756-9584-4e6f-bf72-9e79b1abcddb.py

--- /home/peter/Documents/DataSet/resources/scripts/6ad74b55-25c6-4896-b244-49ffe5d9a875.modernize.py	(original)
+++ /home/peter/Documents/DataSet/resources/scripts/6ad74b55-25c6-4896-b244-49ffe5d9a875.modernize.py	(refactored)
@@ -1,3 +1,5 @@
+from __future__ import absolute_import
+from __future__ import print_function
 from socket import socket,AF_INET, SOCK_STREAM
 import select
 import sys
>> Changes applied to /home/peter/Documents/DataSet/resources/scripts/6ad74b55-25c6-4896-b244-49ffe5d9a875.py

--- /home/peter/Documents/DataSet/resources/scripts/6b04fc8e-5ea9-4309-a875-cced249b0c14.modernize.py	(original)
+++ /home/peter/Documents/DataSet/resources/scripts/6b04fc8e-5ea9-4309-a875-cced249b0c14.modernize.py	(refactored)
@@ -1,3 +1,5 @@
+from __future__ import absolute_import
+from __future__ import print_function
 from socket import socket, AF_INET, SOCK_DGRAM, timeout
 import struct
 import random
@@ -26,10 +28,10 @@
 			
 			unpacked_data = packer.unpack(data)
 
-			print("recieved:", unpacked_data, "from:", client)
+			print(("recieved:", unpacked_data, "from:", client))
 			x, y, h, m = unpacked_data
-			print("x =",x,"y =",y)
-			print("@",h,":",m)
+			print(("x =",x,"y =",y))
+			print(("@",h,":",m))
 			
 			res = search_map_data(x,y,h,m)
 			res = str(res)
>> Changes applied to /home/peter/Documents/DataSet/resources/scripts/6b04fc8e-5ea9-4309-a875-cced249b0c14.py

--- /home/peter/Documents/DataSet/resources/scripts/71e4c463-a36b-4c29-8f5d-eb183dc7263f.modernize.py	(original)
+++ /home/peter/Documents/DataSet/resources/scripts/71e4c463-a36b-4c29-8f5d-eb183dc7263f.modernize.py	(refactored)
@@ -1,5 +1,6 @@
 #!/usr/bin/python
 
+from __future__ import absolute_import
 from mininet.net import Mininet
 from mininet.node import Controller, RemoteController, OVSController
 from mininet.node import CPULimitedHost, Host, Node
>> Changes applied to /home/peter/Documents/DataSet/resources/scripts/71e4c463-a36b-4c29-8f5d-eb183dc7263f.py

--- /home/peter/Documents/DataSet/resources/scripts/78edbb60-5884-4f3e-90b3-31e87a847710.modernize.py	(original)
+++ /home/peter/Documents/DataSet/resources/scripts/78edbb60-5884-4f3e-90b3-31e87a847710.modernize.py	(refactored)
@@ -1,3 +1,5 @@
+from __future__ import absolute_import
+from __future__ import print_function
 import socket
 import select
 import queue
@@ -29,7 +31,7 @@
 				client.setblocking(0)
 				
 				name = client.recv(20).decode()
-				print("Csatlakozott: ",name.strip(),client_addr)
+				print(("Csatlakozott: ",name.strip(),client_addr))
 				
 				username[client] = name.strip()
 				msg_queue.put( (client, "["+name+"] -LOGIN-") )
>> Changes applied to /home/peter/Documents/DataSet/resources/scripts/78edbb60-5884-4f3e-90b3-31e87a847710.py

--- /home/peter/Documents/DataSet/resources/scripts/7a656480-babf-4c00-a8eb-52523e162c32.modernize.py	(original)
+++ /home/peter/Documents/DataSet/resources/scripts/7a656480-babf-4c00-a8eb-52523e162c32.modernize.py	(refactored)
@@ -1,3 +1,5 @@
+from __future__ import absolute_import
+from __future__ import print_function
 from socket import socket, AF_INET, SOCK_STREAM, timeout, SOL_SOCKET, SO_REUSEADDR
 from select import select
 import struct
@@ -25,7 +27,7 @@
 				# kliens csatlakozik
 				client, client_addr = s.accept()
 				sockets.append(client)
-				print("Connected:", client_addr)
+				print(("Connected:", client_addr))
 			else:
 				data = s.recv(unpacker.size)
 				# ha 0 byte akkor kilepett a kliens
@@ -34,14 +36,14 @@
 					s.close()
 					print("Left.")
 				else:
-					print("Recieved:", data)
+					print(("Recieved:", data))
 					santa_started = unpacker.pack(b'elindultam', 0)
 					if data == santa_started: weight = 0
 
 					unp_data = unpacker.unpack(data)
 					
-					print("Unpacked weight:", unp_data[1])
-					print("Total weight:", weight)
+					print(("Unpacked weight:", unp_data[1]))
+					print(("Total weight:", weight))
 					
 					weight += unp_data[1]
 					if weight >= 15: s.sendall(b"TELE")
>> Changes applied to /home/peter/Documents/DataSet/resources/scripts/7a656480-babf-4c00-a8eb-52523e162c32.py

--- /home/peter/Documents/DataSet/resources/scripts/7fbe1247-cd24-4d1f-9c81-9a2cf5a4a6bf.modernize.py	(original)
+++ /home/peter/Documents/DataSet/resources/scripts/7fbe1247-cd24-4d1f-9c81-9a2cf5a4a6bf.modernize.py	(refactored)
@@ -1,3 +1,5 @@
+from __future__ import absolute_import
+from __future__ import print_function
 import struct
 packer = struct.Struct('i3si')
 with open('dates.bin', 'wb') as f: # wb - write binary
@@ -9,6 +11,6 @@
 with open('dates.bin', 'rb') as f: # rb - read as binary
     f.seek(packer.size*4)
     data = f.read(packer.size)
-    print(packer.unpack(data))
+    print((packer.unpack(data)))
 
 ### output: (2024, b'jan’, 14)
>> Changes applied to /home/peter/Documents/DataSet/resources/scripts/7fbe1247-cd24-4d1f-9c81-9a2cf5a4a6bf.py

--- /home/peter/Documents/DataSet/resources/scripts/810a65f2-f6d5-4752-b732-69f75d86284f.modernize.py	(original)
+++ /home/peter/Documents/DataSet/resources/scripts/810a65f2-f6d5-4752-b732-69f75d86284f.modernize.py	(refactored)
@@ -1,3 +1,5 @@
+from __future__ import absolute_import
+from __future__ import print_function
 from socket import socket, AF_INET, SOCK_DGRAM, timeout
 import struct
 
@@ -18,4 +20,4 @@
 	
 	data, _ = client.recvfrom(1024)
 	
-	print("Kaptam: ",data.decode())
+	print(("Kaptam: ",data.decode()))
>> Changes applied to /home/peter/Documents/DataSet/resources/scripts/810a65f2-f6d5-4752-b732-69f75d86284f.py

--- /home/peter/Documents/DataSet/resources/scripts/8416db8f-27c1-4d3a-abe8-e272127f6af8.modernize.py	(original)
+++ /home/peter/Documents/DataSet/resources/scripts/8416db8f-27c1-4d3a-abe8-e272127f6af8.modernize.py	(refactored)
@@ -1,5 +1,6 @@
 #!/usr/bin/python
 
+from __future__ import absolute_import
 from mininet.net import Mininet
 from mininet.node import Controller, RemoteController, OVSController
 from mininet.node import CPULimitedHost, Host, Node
>> Changes applied to /home/peter/Documents/DataSet/resources/scripts/8416db8f-27c1-4d3a-abe8-e272127f6af8.py

--- /home/peter/Documents/DataSet/resources/scripts/86260dcc-01ef-4813-9207-3e9c9d6be89e.modernize.py	(original)
+++ /home/peter/Documents/DataSet/resources/scripts/86260dcc-01ef-4813-9207-3e9c9d6be89e.modernize.py	(refactored)
@@ -1,7 +1,9 @@
+from __future__ import absolute_import
+from __future__ import print_function
 import sys
 import subprocess
 
 p = subprocess.Popen(["echo", "hello world"], shell = True, stdout=subprocess.PIPE)
-print(p.communicate())
+print((p.communicate()))
 
 print('\n')
>> Changes applied to /home/peter/Documents/DataSet/resources/scripts/86260dcc-01ef-4813-9207-3e9c9d6be89e.py

--- /home/peter/Documents/DataSet/resources/scripts/866bbdc2-8d35-4c96-be93-70e8ef471aef.modernize.py	(original)
+++ /home/peter/Documents/DataSet/resources/scripts/866bbdc2-8d35-4c96-be93-70e8ef471aef.modernize.py	(refactored)
@@ -1,4 +1,5 @@
 #!/usr/bin/python
+from __future__ import absolute_import
 from mininet.net import Mininet
 from mininet.cli import CLI
 from mininet.link import Link, TCLink, Intf
>> Changes applied to /home/peter/Documents/DataSet/resources/scripts/866bbdc2-8d35-4c96-be93-70e8ef471aef.py

--- /home/peter/Documents/DataSet/resources/scripts/870c5bc6-afb6-4bf8-a9fb-c656da3d3e94.modernize.py	(original)
+++ /home/peter/Documents/DataSet/resources/scripts/870c5bc6-afb6-4bf8-a9fb-c656da3d3e94.modernize.py	(refactored)
@@ -1,7 +1,9 @@
+from __future__ import absolute_import
+from __future__ import print_function
 import socket
 
 for i in range(1, 101) :
     try:
-        print(i, ":", socket.getservbyport(i))
+        print((i, ":", socket.getservbyport(i)))
     except OSError:
-        print(i, "nothing")
+        print((i, "nothing"))
>> Changes applied to /home/peter/Documents/DataSet/resources/scripts/870c5bc6-afb6-4bf8-a9fb-c656da3d3e94.py

--- /home/peter/Documents/DataSet/resources/scripts/88102ba0-2858-4b72-a3a4-96c207c21569.modernize.py	(original)
+++ /home/peter/Documents/DataSet/resources/scripts/88102ba0-2858-4b72-a3a4-96c207c21569.modernize.py	(refactored)
@@ -1,3 +1,5 @@
+from __future__ import absolute_import
+from __future__ import print_function
 from socket import socket, AF_INET, SOCK_STREAM
 import select, struct
 
@@ -8,10 +10,10 @@
 
 def sabotage(original):
 	sabotageData = list(packer.unpack(original))
-	print("Eredeti üzenete:",sabotageData)
+	print(("Eredeti üzenete:",sabotageData))
 	sabotageData[0] = sabotageData[0]*2
 	sabotageData[1] = sabotageData[1]+1
-	print("Szabotált üzenete:",sabotageData)
+	print(("Szabotált üzenete:",sabotageData))
 	reply = packer.pack(*tuple(sabotageData))
 	return reply
 
@@ -32,7 +34,7 @@
 		for s in r:
 			if s is proxy:
 				client, client_addr = s.accept()
-				print("Kliens csatlakozott ",client_addr)
+				print(("Kliens csatlakozott ",client_addr))
 				inputs.append(client)
 			else:
 				data = s.recv(9)
@@ -45,5 +47,5 @@
 					sData = sabotage(data)
 					serverSock.sendto(sData,server_addr)
 					respData, _ = serverSock.recvfrom(200)
-					print("Szerver válasza:", respData)
+					print(("Szerver válasza:", respData))
 					s.sendall(respData)
>> Changes applied to /home/peter/Documents/DataSet/resources/scripts/88102ba0-2858-4b72-a3a4-96c207c21569.py

--- /home/peter/Documents/DataSet/resources/scripts/8fa79aa0-b320-4595-aa49-c16ded7d7767.modernize.py	(original)
+++ /home/peter/Documents/DataSet/resources/scripts/8fa79aa0-b320-4595-aa49-c16ded7d7767.modernize.py	(refactored)
@@ -1,3 +1,5 @@
+from __future__ import absolute_import
+from __future__ import print_function
 from subprocess import Popen, PIPE
 from time import sleep
 import json
@@ -10,7 +12,7 @@
     p = Popen("ping " + url, stdout=PIPE, stderr=PIPE)
     processes.append(p)
 
-print('Number of processes started:',len(processes))
+print(('Number of processes started:',len(processes)))
 
 processes_dictionary = []
 
@@ -36,7 +38,7 @@
     if (runs > 0):
         sleep(1)
     else:
-        print('Processes finished: ', i)
+        print(('Processes finished: ', i))
         empty = True
 
 json_result = json.dumps(processes_dictionary, indent=2)
>> Changes applied to /home/peter/Documents/DataSet/resources/scripts/8fa79aa0-b320-4595-aa49-c16ded7d7767.py

--- /home/peter/Documents/DataSet/resources/scripts/91fcba54-683e-4430-b5e7-e83c693a035c.modernize.py	(original)
+++ /home/peter/Documents/DataSet/resources/scripts/91fcba54-683e-4430-b5e7-e83c693a035c.modernize.py	(refactored)
@@ -1,8 +1,10 @@
+from __future__ import absolute_import
+from __future__ import print_function
 import struct
 import sys
 
 if len(sys.argv) <2:
-	print("Usage example: python",sys.argv[0],"9sif?c")
+	print(("Usage example: python",sys.argv[0],"9sif?c"))
 	exit(1)
 
 headerInfo= {'s':b'987654321','i':42,'f':128.16,'?':True,'c':b'H'}
>> Changes applied to /home/peter/Documents/DataSet/resources/scripts/91fcba54-683e-4430-b5e7-e83c693a035c.py

--- /home/peter/Documents/DataSet/resources/scripts/96f903dc-46f5-482b-89c3-024ed06e4c21.modernize.py	(original)
+++ /home/peter/Documents/DataSet/resources/scripts/96f903dc-46f5-482b-89c3-024ed06e4c21.modernize.py	(refactored)
@@ -1,3 +1,5 @@
+from __future__ import absolute_import
+from __future__ import print_function
 from socket import socket, AF_INET, SOCK_STREAM, timeout, SOL_SOCKET, SO_REUSEADDR
 from select import select
 import struct
@@ -30,7 +32,7 @@
 			if s is proxy:
 				# kliens csatlakozik
 				client, client_addr = s.accept()
-				print("Connected:", client_addr)
+				print(("Connected:", client_addr))
 				sockets.append(client)
 			else:
 				data = s.recv(packer.size)
@@ -40,9 +42,9 @@
 					sockets.remove(s)
 					s.close()
 				else:
-					print("Recieved:", data)
+					print(("Recieved:", data))
 					decoded_data = data.decode()
-					print("Decoded data:", decoded_data)
+					print(("Decoded data:", decoded_data))
 					
 					# send data without neptun code
 					strings = decoded_data.split(';')
@@ -54,7 +56,7 @@
 					
 					server.sendto(to_send, mpbank_addr)
 					response = server.recvfrom(128)
-					print("recieved:", response[0].decode())
+					print(("recieved:", response[0].decode()))
 					s.sendall(response[0])
 
 # ZH-n is lehet ezt a szerkezetet hasznalni
>> Changes applied to /home/peter/Documents/DataSet/resources/scripts/96f903dc-46f5-482b-89c3-024ed06e4c21.py

--- /home/peter/Documents/DataSet/resources/scripts/9ab1d0d9-8723-4a80-a042-81c0dd7dab00.modernize.py	(original)
+++ /home/peter/Documents/DataSet/resources/scripts/9ab1d0d9-8723-4a80-a042-81c0dd7dab00.modernize.py	(refactored)
@@ -1,3 +1,5 @@
+from __future__ import absolute_import
+from __future__ import print_function
 import sys
 import socket
 import struct
@@ -18,18 +20,18 @@
 
 packer = struct.Struct('i i c')
 conn, addr = sock.accept()
-print("Valaki csatlakozott:", addr)
+print(("Valaki csatlakozott:", addr))
 while True:
     msg = conn.recv(100)
     if not msg:
         print("A kliens lezárta a kapcsolatot")
         break
     parsed_msg = packer.unpack(msg)
-    print("A kliens üzenete: %d %c %d" % (parsed_msg[0], parsed_msg[2].decode(), parsed_msg[1]))
+    print(("A kliens üzenete: %d %c %d" % (parsed_msg[0], parsed_msg[2].decode(), parsed_msg[1])))
     result = ops[parsed_msg[2].decode()](parsed_msg[0], parsed_msg[1])
     msg = packer.pack(result, 0, b'R')
     conn.sendall(msg)
-    print("Elküldött válasz: %d" % result)
+    print(("Elküldött válasz: %d" % result))
 
 conn.close()
 sock.close()
>> Changes applied to /home/peter/Documents/DataSet/resources/scripts/9ab1d0d9-8723-4a80-a042-81c0dd7dab00.py

--- /home/peter/Documents/DataSet/resources/scripts/9bce6ad9-0ce4-4f3b-8c47-6ae813f66c1d.modernize.py	(original)
+++ /home/peter/Documents/DataSet/resources/scripts/9bce6ad9-0ce4-4f3b-8c47-6ae813f66c1d.modernize.py	(refactored)
@@ -1,3 +1,5 @@
+from __future__ import absolute_import
+from __future__ import print_function
 from socket import socket, AF_INET, SOCK_STREAM, timeout, SOL_SOCKET, SO_REUSEADDR
 import struct
 
@@ -17,5 +19,5 @@
 	client.sendall(packed_data)
 	data = client.recv(10).decode()
 	
-	print("Eredmeny:", data)
+	print(("Eredmeny:", data))
 	
>> Changes applied to /home/peter/Documents/DataSet/resources/scripts/9bce6ad9-0ce4-4f3b-8c47-6ae813f66c1d.py

--- /home/peter/Documents/DataSet/resources/scripts/a876b6d4-b0b6-4778-8aec-33c5692ce991.modernize.py	(original)
+++ /home/peter/Documents/DataSet/resources/scripts/a876b6d4-b0b6-4778-8aec-33c5692ce991.modernize.py	(refactored)
@@ -1,3 +1,5 @@
+from __future__ import absolute_import
+from __future__ import print_function
 import sys
 import socket
 import struct
@@ -19,6 +21,6 @@
 reply = sock.recv(BUFFER_SIZE)
 sock.close()
 
-print("Kapott válasz:", reply.decode())
+print(("Kapott válasz:", reply.decode()))
 
 # szebb megoldas: calcClient
>> Changes applied to /home/peter/Documents/DataSet/resources/scripts/a876b6d4-b0b6-4778-8aec-33c5692ce991.py

--- /home/peter/Documents/DataSet/resources/scripts/ac6a7e5b-811e-4b11-b5ba-100b9901a466.modernize.py	(original)
+++ /home/peter/Documents/DataSet/resources/scripts/ac6a7e5b-811e-4b11-b5ba-100b9901a466.modernize.py	(refactored)
@@ -1,3 +1,5 @@
+from __future__ import absolute_import
+from __future__ import print_function
 from socket import socket, AF_INET, SOCK_STREAM
 
 server_addr = ('localhost',10000)
@@ -9,6 +11,6 @@
 client.sendall("Hello Server!".encode())
 
 data = client.recv(16)
-print("Kaptam:",data.decode())
+print(("Kaptam:",data.decode()))
 
 client.close()
>> Changes applied to /home/peter/Documents/DataSet/resources/scripts/ac6a7e5b-811e-4b11-b5ba-100b9901a466.py

--- /home/peter/Documents/DataSet/resources/scripts/af71f495-8fd7-4de1-aa02-ee4ccf8531e0.modernize.py	(original)
+++ /home/peter/Documents/DataSet/resources/scripts/af71f495-8fd7-4de1-aa02-ee4ccf8531e0.modernize.py	(refactored)
@@ -1,3 +1,5 @@
+from __future__ import absolute_import
+from __future__ import print_function
 import socket
 import sys
 
@@ -12,4 +14,4 @@
 reply = sock.recv(BUFFER_SIZE)
 sock.close()
 
-print("Kapott válasz:", reply.decode())
+print(("Kapott válasz:", reply.decode()))
>> Changes applied to /home/peter/Documents/DataSet/resources/scripts/af71f495-8fd7-4de1-aa02-ee4ccf8531e0.py

--- /home/peter/Documents/DataSet/resources/scripts/b068eb6f-e867-4be7-a46c-0f80a1a74606.modernize.py	(original)
+++ /home/peter/Documents/DataSet/resources/scripts/b068eb6f-e867-4be7-a46c-0f80a1a74606.modernize.py	(refactored)
@@ -1,3 +1,5 @@
+from __future__ import absolute_import
+from __future__ import print_function
 import sys
 import struct
 from socket import socket, AF_INET, SOCK_STREAM, timeout, SOL_SOCKET, SO_REUSEADDR
>> Changes applied to /home/peter/Documents/DataSet/resources/scripts/b068eb6f-e867-4be7-a46c-0f80a1a74606.py

--- /home/peter/Documents/DataSet/resources/scripts/b31bf465-38e9-4642-b6b3-dad349aef22c.modernize.py	(original)
+++ /home/peter/Documents/DataSet/resources/scripts/b31bf465-38e9-4642-b6b3-dad349aef22c.modernize.py	(refactored)
@@ -1,6 +1,8 @@
 
 #socket_multicast_receiver.py
 
+from __future__ import absolute_import
+from __future__ import print_function
 import socket
 import struct
 import sys
@@ -32,11 +34,11 @@
         print('\nwaiting to receive message')
         data, address = sock.recvfrom(1024)
         
-        print('received {} bytes from {}'.format(
-            len(data), address))
+        print(('received {} bytes from {}'.format(
+            len(data), address)))
         print(data)
         
-        print('sending acknowledgement to', address)
+        print(('sending acknowledgement to', address))
         sock.sendto(b'ack', address)
     except timeout:
         pass
>> Changes applied to /home/peter/Documents/DataSet/resources/scripts/b31bf465-38e9-4642-b6b3-dad349aef22c.py

--- /home/peter/Documents/DataSet/resources/scripts/b7416fe2-8b63-4c13-b06e-c63b61254de4.modernize.py	(original)
+++ /home/peter/Documents/DataSet/resources/scripts/b7416fe2-8b63-4c13-b06e-c63b61254de4.modernize.py	(refactored)
@@ -1,3 +1,5 @@
+from __future__ import absolute_import
+from __future__ import print_function
 from socket import socket, AF_INET, SOCK_STREAM
 import sys
 
>> Changes applied to /home/peter/Documents/DataSet/resources/scripts/b7416fe2-8b63-4c13-b06e-c63b61254de4.py

--- /home/peter/Documents/DataSet/resources/scripts/ba7cba06-8947-4809-926e-ffd61d3c8dc9.modernize.py	(original)
+++ /home/peter/Documents/DataSet/resources/scripts/ba7cba06-8947-4809-926e-ffd61d3c8dc9.modernize.py	(refactored)
@@ -1,3 +1,5 @@
+from __future__ import absolute_import
+from __future__ import print_function
 from socket import socket, AF_INET, SOCK_DGRAM, timeout, SOL_SOCKET, SO_REUSEADDR
 import struct
 
@@ -19,4 +21,4 @@
 	client.sendall(packed_data)
 	# recieve response
 	data = client.recv(128).decode()
-	print("Result:", data)
+	print(("Result:", data))
>> Changes applied to /home/peter/Documents/DataSet/resources/scripts/ba7cba06-8947-4809-926e-ffd61d3c8dc9.py

--- /home/peter/Documents/DataSet/resources/scripts/bdb4e0c6-25c7-47a6-a31c-c343c856d820.modernize.py	(original)
+++ /home/peter/Documents/DataSet/resources/scripts/bdb4e0c6-25c7-47a6-a31c-c343c856d820.modernize.py	(refactored)
@@ -1,3 +1,5 @@
+from __future__ import absolute_import
+from __future__ import print_function
 import sys
 import struct, hashlib, time
 from socket import socket, AF_INET, SOCK_STREAM, timeout, SOL_SOCKET, SO_REUSEADDR
@@ -45,7 +47,7 @@
                 # kliens csatlakozik
                 client, client_addr = s.accept()
                 socketek.append(client)
-                print("Client connected.", client_addr)
+                print(("Client connected.", client_addr))
             else:
                 data = s.recv(32)
                 # ha 0 byte akkor kilepett a kliens
@@ -54,7 +56,7 @@
                     s.close()
                     print("Client left.")
                 else:
-                    print("Received:", data)
+                    print(("Received:", data))
                     decoded_data = data.decode()
 
                     parts = decoded_data.split('|')
>> Changes applied to /home/peter/Documents/DataSet/resources/scripts/bdb4e0c6-25c7-47a6-a31c-c343c856d820.py

--- /home/peter/Documents/DataSet/resources/scripts/be99d0aa-c696-4bc7-9486-7462c762891b.modernize.py	(original)
+++ /home/peter/Documents/DataSet/resources/scripts/be99d0aa-c696-4bc7-9486-7462c762891b.modernize.py	(refactored)
@@ -1,3 +1,4 @@
+from __future__ import print_function
 def isLeapYear (year):
     if year % 100 == 0 :
         return year % 400 == 0
@@ -6,8 +7,8 @@
 with open("years.txt", "r") as f :
     for x in f:
         x = x.rstrip()
-        if isLeapYear(int(x)) : print(x + " is a leap year.")
-        else                  : print(x + " is not a leap year.")
+        if isLeapYear(int(x)) : print((x + " is a leap year."))
+        else                  : print((x + " is not a leap year."))
 
 """
 f = open("years.txt", "r")
>> Changes applied to /home/peter/Documents/DataSet/resources/scripts/be99d0aa-c696-4bc7-9486-7462c762891b.py

--- /home/peter/Documents/DataSet/resources/scripts/c22b39d9-b6e8-45fb-b836-bfcdaf7381e4.modernize.py	(original)
+++ /home/peter/Documents/DataSet/resources/scripts/c22b39d9-b6e8-45fb-b836-bfcdaf7381e4.modernize.py	(refactored)
@@ -1,3 +1,5 @@
+from __future__ import absolute_import
+from __future__ import print_function
 import hashlib
 
 with open('adat.txt', 'rb') as f:
@@ -9,6 +11,6 @@
     hexd = hash.hexdigest()
     size = hash.digest_size
 
-    print(hexd, 'length:', size)
+    print((hexd, 'length:', size))
 
 
>> Changes applied to /home/peter/Documents/DataSet/resources/scripts/c22b39d9-b6e8-45fb-b836-bfcdaf7381e4.py

--- /home/peter/Documents/DataSet/resources/scripts/c3c20aaa-0518-4a09-ad89-42b588639849.modernize.py	(original)
+++ /home/peter/Documents/DataSet/resources/scripts/c3c20aaa-0518-4a09-ad89-42b588639849.modernize.py	(refactored)
@@ -1,3 +1,5 @@
+from __future__ import absolute_import
+from __future__ import print_function
 import sys
 import struct, hashlib, time
 from socket import socket, AF_INET, SOCK_STREAM, timeout, SOL_SOCKET, SO_REUSEADDR
@@ -40,7 +42,7 @@
     # receive the response from the checksum server
         response = chsums_server.recv(32).decode()
 
-        print('Received:', response)
+        print(('Received:', response))
 
         parts = response.split('|')
         
>> Changes applied to /home/peter/Documents/DataSet/resources/scripts/c3c20aaa-0518-4a09-ad89-42b588639849.py

--- /home/peter/Documents/DataSet/resources/scripts/c9f2acc8-41bd-4ca7-8406-1691ae50cde0.modernize.py	(original)
+++ /home/peter/Documents/DataSet/resources/scripts/c9f2acc8-41bd-4ca7-8406-1691ae50cde0.modernize.py	(refactored)
@@ -1,3 +1,5 @@
+from __future__ import absolute_import
+from __future__ import print_function
 import sys
 import socket
 import random
@@ -24,11 +26,11 @@
 	op = ops[nrnd % len(ops)]
 
 	msg = packer.pack(oper1, oper2, op.encode())
-	print( "Üzenet: %d %c %d" % (oper1, op, oper2) )	
+	print(( "Üzenet: %d %c %d" % (oper1, op, oper2) ))	
 	sock.sendall( msg )
 
 	msg = sock.recv(packer.size)
 	parsed_msg = packer.unpack( msg )
-	print( "Kapott eredmény: %d" % parsed_msg[0])
+	print(( "Kapott eredmény: %d" % parsed_msg[0]))
 	time.sleep(2)
 sock.close()
>> Changes applied to /home/peter/Documents/DataSet/resources/scripts/c9f2acc8-41bd-4ca7-8406-1691ae50cde0.py

--- /home/peter/Documents/DataSet/resources/scripts/ca78b416-01f6-456a-ada1-a8b9460ab1ae.modernize.py	(original)
+++ /home/peter/Documents/DataSet/resources/scripts/ca78b416-01f6-456a-ada1-a8b9460ab1ae.modernize.py	(refactored)
@@ -1,7 +1,9 @@
+from __future__ import absolute_import
+from __future__ import print_function
 import socket
 
 for i in range(1,101):
     try:
-        print(i,":",socket.getservbyport(i))
+        print((i,":",socket.getservbyport(i)))
     except OSError:
-        print(i,": nincs tartozik hozzá semmi")
+        print((i,": nincs tartozik hozzá semmi"))
>> Changes applied to /home/peter/Documents/DataSet/resources/scripts/ca78b416-01f6-456a-ada1-a8b9460ab1ae.py

--- /home/peter/Documents/DataSet/resources/scripts/cc0e77d4-0e96-48c3-86a9-e9bcd1c043de.modernize.py	(original)
+++ /home/peter/Documents/DataSet/resources/scripts/cc0e77d4-0e96-48c3-86a9-e9bcd1c043de.modernize.py	(refactored)
@@ -1,3 +1,5 @@
+from __future__ import absolute_import
+from __future__ import print_function
 import sys
 import json
 import struct
@@ -13,7 +15,7 @@
     client.sendall(packed_data)
             
     data = client.recv(16).decode()
-    print("result:", data)
+    print(("result:", data))
 
     parts = data.split("|")
     if parts[1] == 'sikeres': print('sikeres foglalás')
>> Changes applied to /home/peter/Documents/DataSet/resources/scripts/cc0e77d4-0e96-48c3-86a9-e9bcd1c043de.py

--- /home/peter/Documents/DataSet/resources/scripts/cca85209-baa0-47af-9914-7f84eaef5d0f.modernize.py	(original)
+++ /home/peter/Documents/DataSet/resources/scripts/cca85209-baa0-47af-9914-7f84eaef5d0f.modernize.py	(refactored)
@@ -2,9 +2,11 @@
 # File Reading #
 ################
 
+from __future__ import absolute_import
+from __future__ import print_function
 f = open("in.txt", "r")
 
-print(f.read())
+print((f.read()))
 
 #print(f.readline())
 
@@ -26,7 +28,7 @@
 
 import sys
 
-print(sys.argv[0])
+print((sys.argv[0]))
 
 ##################
 # Standard input #
>> Changes applied to /home/peter/Documents/DataSet/resources/scripts/cca85209-baa0-47af-9914-7f84eaef5d0f.py

--- /home/peter/Documents/DataSet/resources/scripts/ce0280b0-e54c-4394-b491-1181943bc420.modernize.py	(original)
+++ /home/peter/Documents/DataSet/resources/scripts/ce0280b0-e54c-4394-b491-1181943bc420.modernize.py	(refactored)
@@ -1,3 +1,5 @@
+from __future__ import absolute_import
+from __future__ import print_function
 from subprocess import PIPE, Popen
 import time
 
@@ -5,6 +7,6 @@
 while p1.poll()==None:
     print(" még fut ")
     time.sleep(1)
-print(p1.communicate())
+print((p1.communicate()))
 
 print('\n')
>> Changes applied to /home/peter/Documents/DataSet/resources/scripts/ce0280b0-e54c-4394-b491-1181943bc420.py

--- /home/peter/Documents/DataSet/resources/scripts/d0b6d398-3920-4a51-8b8b-bdd8c36334e7.modernize.py	(original)
+++ /home/peter/Documents/DataSet/resources/scripts/d0b6d398-3920-4a51-8b8b-bdd8c36334e7.modernize.py	(refactored)
@@ -1,4 +1,6 @@
 #import sys
+from __future__ import absolute_import
+from __future__ import print_function
 import socket
 import struct
 
@@ -28,14 +30,14 @@
     return 'operator not recognized'
 
 conn, addr = sock.accept()
-print('Valaki csatlakozott:', addr)
+print(('Valaki csatlakozott:', addr))
 while True:
     data = conn.recv(BUFFER_SIZE)
     if not data: break
     packer = struct.Struct('f 1s f')
     size = packer.size
     unpacked_data = packer.unpack(data)
-    print("Beérkező üzenet:", unpacked_data)
+    print(("Beérkező üzenet:", unpacked_data))
     result = calc_result(unpacked_data)
     conn.send(str(result).encode())
 
>> Changes applied to /home/peter/Documents/DataSet/resources/scripts/d0b6d398-3920-4a51-8b8b-bdd8c36334e7.py

--- /home/peter/Documents/DataSet/resources/scripts/d6f96062-747a-4fa1-8dc1-102a5ca79277.modernize.py	(original)
+++ /home/peter/Documents/DataSet/resources/scripts/d6f96062-747a-4fa1-8dc1-102a5ca79277.modernize.py	(refactored)
@@ -1,3 +1,5 @@
+from __future__ import absolute_import
+from __future__ import print_function
 import sys
 import struct
 from socket import socket, AF_INET, SOCK_STREAM, timeout, SOL_SOCKET, SO_REUSEADDR
@@ -9,7 +11,7 @@
 	exit(1)
 
 num = random.randint(1, 100) # random number to guess
-print('number:', num)
+print(('number:', num))
 guessed = False
 guesses = {} # contains the number of guesses per client (client's adress)
 
@@ -34,7 +36,7 @@
 				client, client_addr = s.accept()
 				sockets.append(client)
 				guesses[client_addr] = 0
-				print("Connected:", client_addr)
+				print(("Connected:", client_addr))
 
 			else:
 				data = s.recv(unpacker.size)
@@ -46,9 +48,9 @@
 					print('Client disconnected.')
 				
 				else:
-					print('Recieved:', data)
+					print(('Recieved:', data))
 					unp_data = unpacker.unpack(data)
-					print('Unpack:', unp_data)
+					print(('Unpack:', unp_data))
 					operator, numstring = unp_data[0].decode(), str(unp_data[1])
 					if operator == '=' : operator = '=='
 					l = eval(str(num) + operator + numstring)
>> Changes applied to /home/peter/Documents/DataSet/resources/scripts/d6f96062-747a-4fa1-8dc1-102a5ca79277.py

--- /home/peter/Documents/DataSet/resources/scripts/d7be7e69-40bb-4a62-bd57-05298a474189.modernize.py	(original)
+++ /home/peter/Documents/DataSet/resources/scripts/d7be7e69-40bb-4a62-bd57-05298a474189.modernize.py	(refactored)
@@ -1,3 +1,5 @@
+from __future__ import absolute_import
+from __future__ import print_function
 from socket import socket, AF_INET, SOCK_DGRAM, timeout
 
 with socket(AF_INET, SOCK_DGRAM) as server:
@@ -10,7 +12,7 @@
 		try:
 			data, client = server.recvfrom(1024)
 
-			print("Kaptam", data.decode(),"tole:",client)
+			print(("Kaptam", data.decode(),"tole:",client))
 
 			server.sendto("Hello kliens!".encode(), client)
 		except timeout:
>> Changes applied to /home/peter/Documents/DataSet/resources/scripts/d7be7e69-40bb-4a62-bd57-05298a474189.py

--- /home/peter/Documents/DataSet/resources/scripts/d7cfa9ee-7e7d-4c77-b5cf-544f21e02246.modernize.py	(original)
+++ /home/peter/Documents/DataSet/resources/scripts/d7cfa9ee-7e7d-4c77-b5cf-544f21e02246.modernize.py	(refactored)
@@ -1,11 +1,13 @@
+from __future__ import absolute_import
+from __future__ import print_function
 from subprocess import Popen, PIPE
 import os
 import platform
 import sys
 from time import sleep
 
-print("CPU:", os.cpu_count())
-print("OS:", platform.system())
+print(("CPU:", os.cpu_count()))
+print(("OS:", platform.system()))
 
 availableCore = os.cpu_count()
 
@@ -15,7 +17,7 @@
 elif platform.system() == "Linux":
     cmd = 'echo "Linux"'
 else:
-    print("ERROR",platform.system())
+    print(("ERROR",platform.system()))
     sys.exit(1)
 
 process = []
@@ -24,7 +26,7 @@
     p = Popen(cmd, stdout=PIPE, stderr=PIPE, shell=True)
     process.append(p)
 
-print('Futtattott processek szama:',len(process))
+print(('Futtattott processek szama:',len(process)))
 
 ures = False
 while (not ures):
@@ -36,11 +38,11 @@
                 fut += 1
             else:
                 res,err = p.communicate()
-                print('Process ' + str(i+1) + ' : ' + res.decode().strip())
+                print(('Process ' + str(i+1) + ' : ' + res.decode().strip()))
                 process[i] = None
         i += 1
     if (fut > 0):
         sleep(1)
     else:
-        print('Lefutott processek szama:', i)
+        print(('Lefutott processek szama:', i))
         ures = True
>> Changes applied to /home/peter/Documents/DataSet/resources/scripts/d7cfa9ee-7e7d-4c77-b5cf-544f21e02246.py

--- /home/peter/Documents/DataSet/resources/scripts/df39df69-66b5-4b77-b1c7-9fe834cc5da4.modernize.py	(original)
+++ /home/peter/Documents/DataSet/resources/scripts/df39df69-66b5-4b77-b1c7-9fe834cc5da4.modernize.py	(refactored)
@@ -1,3 +1,5 @@
+from __future__ import absolute_import
+from __future__ import print_function
 from socket import socket, AF_INET, SOCK_STREAM, timeout, SOL_SOCKET, SO_REUSEADDR
 import struct
 import random
@@ -11,7 +13,7 @@
 	for i in range(10) :
 		time.sleep(2)
 
-		print('\n(', i, ') művelet:\n')
+		print(('\n(', i, ') művelet:\n'))
 
 		szam1 = random.randint(1, 100) # input("Adj meg egy szamot:")
 		szam2 = random.randint(1, 100) # input("Adj meg masik szamot:")
@@ -23,5 +25,5 @@
 		client.sendall(packed_data)
 		data = client.recv(10).decode()
 	
-		print("Eredmény:", data)
+		print(("Eredmény:", data))
 # close socket
>> Changes applied to /home/peter/Documents/DataSet/resources/scripts/df39df69-66b5-4b77-b1c7-9fe834cc5da4.py

--- /home/peter/Documents/DataSet/resources/scripts/e52668f4-0cc0-41a2-ac1a-3a3cd591db3e.modernize.py	(original)
+++ /home/peter/Documents/DataSet/resources/scripts/e52668f4-0cc0-41a2-ac1a-3a3cd591db3e.modernize.py	(refactored)
@@ -1,3 +1,5 @@
+from __future__ import absolute_import
+from __future__ import print_function
 from socket import socket, AF_INET, SOCK_STREAM, timeout, SOL_SOCKET, SO_REUSEADDR
 import struct
 
@@ -16,5 +18,5 @@
 	client.sendall(packed_data)
 	data = client.recv(10).decode()
 	
-	print("Eredmeny:", data)
+	print(("Eredmeny:", data))
 	
>> Changes applied to /home/peter/Documents/DataSet/resources/scripts/e52668f4-0cc0-41a2-ac1a-3a3cd591db3e.py

--- /home/peter/Documents/DataSet/resources/scripts/ec1d90a5-9d4c-4b1f-81a6-1ec4a90243db.modernize.py	(original)
+++ /home/peter/Documents/DataSet/resources/scripts/ec1d90a5-9d4c-4b1f-81a6-1ec4a90243db.modernize.py	(refactored)
@@ -1,3 +1,5 @@
+from __future__ import absolute_import
+from __future__ import print_function
 from socket import socket,AF_INET, SOCK_STREAM, timeout, SOL_SOCKET, SO_REUSEADDR
 import struct
 
@@ -17,5 +19,5 @@
 	client.sendall(packed_data)
 	data = client.recv(10).decode()
 	
-	print("Eredmeny a szervertol:",data)
+	print(("Eredmeny a szervertol:",data))
 	
>> Changes applied to /home/peter/Documents/DataSet/resources/scripts/ec1d90a5-9d4c-4b1f-81a6-1ec4a90243db.py

--- /home/peter/Documents/DataSet/resources/scripts/ec5a6a4e-9915-40dd-ae8b-b039c5d5d54a.modernize.py	(original)
+++ /home/peter/Documents/DataSet/resources/scripts/ec5a6a4e-9915-40dd-ae8b-b039c5d5d54a.modernize.py	(refactored)
@@ -1,3 +1,5 @@
+from __future__ import absolute_import
+from __future__ import print_function
 from socket import socket, AF_INET, SOCK_STREAM
 import sys
 
>> Changes applied to /home/peter/Documents/DataSet/resources/scripts/ec5a6a4e-9915-40dd-ae8b-b039c5d5d54a.py

--- /home/peter/Documents/DataSet/resources/scripts/ec918b0d-dc99-4caf-b612-35206e41e6be.modernize.py	(original)
+++ /home/peter/Documents/DataSet/resources/scripts/ec918b0d-dc99-4caf-b612-35206e41e6be.modernize.py	(refactored)
@@ -1,3 +1,5 @@
+from __future__ import absolute_import
+from __future__ import print_function
 from socket import socket, AF_INET, SOCK_DGRAM, timeout
 import struct
 
@@ -15,7 +17,7 @@
 			
 			unpacked_data = packer.unpack(data)
 
-			print("Kaptam", unpacked_data, "tole:", client)
+			print(("Kaptam", unpacked_data, "tole:", client))
 			
 			x = eval(str(unpacked_data[0]) + unpacked_data[2].decode() + str(unpacked_data[1]))
 
>> Changes applied to /home/peter/Documents/DataSet/resources/scripts/ec918b0d-dc99-4caf-b612-35206e41e6be.py

--- /home/peter/Documents/DataSet/resources/scripts/f1230cb3-ce9e-4091-97c8-882a210a79b1.modernize.py	(original)
+++ /home/peter/Documents/DataSet/resources/scripts/f1230cb3-ce9e-4091-97c8-882a210a79b1.modernize.py	(refactored)
@@ -1,3 +1,5 @@
+from __future__ import absolute_import
+from __future__ import print_function
 from subprocess import Popen, PIPE
 from time import sleep
 import os
@@ -7,15 +9,15 @@
 available_cores = os.cpu_count()
 os_name = platform.system()
 
-print("OS: ", os_name)
-print("number of cores: ", available_cores)
+print(("OS: ", os_name))
+print(("number of cores: ", available_cores))
 
 cmd = ''
 
 if os_name == "Windows": cmd = 'echo Windows'
 elif os_name == "Linux": cmd = 'echo Linux'
 else :
-  print("ERROR: ", os_name)
+  print(("ERROR: ", os_name))
   sys.exit(1)
 
 processes = []
@@ -24,7 +26,7 @@
     p = Popen(cmd, stdout=PIPE, stderr=PIPE, shell=True)
     processes.append(p)
 
-print('Number of processes running: ', len(processes))
+print(('Number of processes running: ', len(processes)))
 
 empty = False
 while (not empty) :
@@ -35,10 +37,10 @@
         runs += 1
       else :
         res, err = p.communicate()
-        print('Process' + str(i+1) + ' : ' + res.decode().strip())
+        print(('Process' + str(i+1) + ' : ' + res.decode().strip()))
         processes[i] = None
     i += 1
   if (runs > 1) : sleep(1)
   else : 
-    print('Ran' + i + ' processes.')
+    print(('Ran' + i + ' processes.'))
     empty = True
>> Changes applied to /home/peter/Documents/DataSet/resources/scripts/f1230cb3-ce9e-4091-97c8-882a210a79b1.py

--- /home/peter/Documents/DataSet/resources/scripts/f1ed874b-2bdf-4cac-841d-980a20a3a90f.modernize.py	(original)
+++ /home/peter/Documents/DataSet/resources/scripts/f1ed874b-2bdf-4cac-841d-980a20a3a90f.modernize.py	(refactored)
@@ -1,3 +1,5 @@
+from __future__ import absolute_import
+from __future__ import print_function
 import struct, time
 from socket import socket, AF_INET, SOCK_STREAM, timeout, SOL_SOCKET, SO_REUSEADDR
 
@@ -13,7 +15,7 @@
 		packed_data = packer.pack(b'', 0)
 		client.sendall(packed_data)
 		data = client.recv(128).decode()
-		print('answer:', data)
+		print(('answer:', data))
 		if data == 'TELE':
 			packed_data = packer.pack(b'elindultam', 0)
 			client.sendall(packed_data)
>> Changes applied to /home/peter/Documents/DataSet/resources/scripts/f1ed874b-2bdf-4cac-841d-980a20a3a90f.py

--- /home/peter/Documents/DataSet/resources/scripts/f43e1879-b6fb-4d56-9e82-dd13783712dd.modernize.py	(original)
+++ /home/peter/Documents/DataSet/resources/scripts/f43e1879-b6fb-4d56-9e82-dd13783712dd.modernize.py	(refactored)
@@ -1,3 +1,5 @@
+from __future__ import absolute_import
+from __future__ import print_function
 import struct
 
 values = (1, 'ab', 2.7)
@@ -11,7 +13,7 @@
 size2 = packer.size
 unpacked_data = packer.unpack(packed_data)
 
-print("""
+print(("""
 	Struktura
 	
 	Kod:
@@ -31,4 +33,4 @@
 	
 	unpacked_data = packer.unpack(packed_data)
 	print(packed_data)			#""" ,unpacked_data,"""
-	""",'\n')
+	""",'\n'))
>> Changes applied to /home/peter/Documents/DataSet/resources/scripts/f43e1879-b6fb-4d56-9e82-dd13783712dd.py

--- /home/peter/Documents/DataSet/resources/scripts/f5d8d4ad-e117-45f1-9e86-c5751a50fc50.modernize.py	(original)
+++ /home/peter/Documents/DataSet/resources/scripts/f5d8d4ad-e117-45f1-9e86-c5751a50fc50.modernize.py	(refactored)
@@ -1,3 +1,5 @@
+from __future__ import absolute_import
+from __future__ import print_function
 import json
 import struct
 from socket import socket, AF_INET, SOCK_STREAM, timeout, SOL_SOCKET, SO_REUSEADDR
@@ -9,7 +11,7 @@
 
 if not json_dict: exit(1)
 
-print('data:', json_dict)
+print(('data:', json_dict))
 
 server_addr = ('localhost', 10000)
 packer = struct.Struct('I')
@@ -32,7 +34,7 @@
                 # kliens csatlakozik
                 client, client_addr = s.accept()
                 socketek.append(client)
-                print("Client connected:", client_addr)
+                print(("Client connected:", client_addr))
             else:
                 data = s.recv(packer.size)
                 # ha 0 byte akkor kilepett a kliens
@@ -41,25 +43,25 @@
                     s.close()
                     print("Client left.")
                 else:
-                    print("Recieved:", data)
+                    print(("Recieved:", data))
                     unpacked_data = packer.unpack(data)
                     
-                    print("Unpacked:", unpacked_data)
+                    print(("Unpacked:", unpacked_data))
                     number = unpacked_data[0]
 
-                    print(json_dict[str(number)])
+                    print((json_dict[str(number)]))
                     
                     key = str(number)
                     if not key in json_dict.keys():
                         result = "{0}|sikertelen".format(number)
                         s.sendall(result.encode())
-                        print(number, 'hely nem szerepel az adatok közt.')
+                        print((number, 'hely nem szerepel az adatok közt.'))
                     elif json_dict[key] == 'szabad':
                         json_dict[key] = 'foglalt'
                         result = "{0}|sikeres".format(number)
                         s.sendall(result.encode())
-                        print(number, 'helyen foglalás történt.')
+                        print((number, 'helyen foglalás történt.'))
                     else:
                         result = "{0}|sikertelen".format(number)
                         s.sendall(result.encode())
-                        print(number, 'heyen a foglalás sikertelen.')
+                        print((number, 'heyen a foglalás sikertelen.'))
>> Changes applied to /home/peter/Documents/DataSet/resources/scripts/f5d8d4ad-e117-45f1-9e86-c5751a50fc50.py

--- /home/peter/Documents/DataSet/resources/scripts/f9aaa6fb-a6af-4972-b735-83f41280f679.modernize.py	(original)
+++ /home/peter/Documents/DataSet/resources/scripts/f9aaa6fb-a6af-4972-b735-83f41280f679.modernize.py	(refactored)
@@ -1,3 +1,5 @@
+from __future__ import absolute_import
+from __future__ import print_function
 import struct, time
 from socket import socket, AF_INET, SOCK_STREAM, timeout, SOL_SOCKET, SO_REUSEADDR
 
@@ -15,10 +17,10 @@
 
 	get_and_send_packet(client)
 	data = client.recv(128).decode()
-	print('answer:', data)
+	print(('answer:', data))
 
 	while True:
 		get_and_send_packet(client)
 		data = client.recv(128).decode()
-		print('answer:', data)
+		print(('answer:', data))
 		if (data == 'TELE'): time.sleep(5)
>> Changes applied to /home/peter/Documents/DataSet/resources/scripts/f9aaa6fb-a6af-4972-b735-83f41280f679.py

--- /home/peter/Documents/DataSet/resources/scripts/faee0807-0419-4edb-a100-59382905c63d.modernize.py	(original)
+++ /home/peter/Documents/DataSet/resources/scripts/faee0807-0419-4edb-a100-59382905c63d.modernize.py	(refactored)
@@ -1,3 +1,5 @@
+from __future__ import absolute_import
+from __future__ import print_function
 from socket import socket, AF_INET, SOCK_STREAM, timeout, SOL_SOCKET, SO_REUSEADDR
 import struct
 from select import select
@@ -23,7 +25,7 @@
 				# kliens csatlakozik
 				client, client_addr = s.accept()
 				socketek.append(client)
-				print("Csatlakozott", client_addr)
+				print(("Csatlakozott", client_addr))
 			else:
 				data = s.recv(unpacker.size)
 				# ha 0 byte akkor kilepett a kliens
@@ -32,11 +34,11 @@
 					s.close()
 					print("Kilepett")
 				else:
-					print("Kaptam:", data)
+					print(("Kaptam:", data))
 					unp_data = unpacker.unpack(data)
-					print("Unpack:", unp_data)
+					print(("Unpack:", unp_data))
 					x = eval(str(unp_data[0])+unp_data[2].decode()+str(unp_data[1]))
-					print("Kiertekeltem es visszakuldtem", x)
+					print(("Kiertekeltem es visszakuldtem", x))
 					s.sendall(str(x).encode())
 
 # ZH-n is lehet ezt a szerkezetet hasznalni
>> Changes applied to /home/peter/Documents/DataSet/resources/scripts/faee0807-0419-4edb-a100-59382905c63d.py

>> No changes needed for /home/peter/Documents/DataSet/resources/scripts/ff2d61b5-fc20-4c18-9084-742405b8e855.py

